MGAE109 -2.0038673256826627
MGAE109 -0.8312743384376517
MGAE109 -1.0525115444333721
MGAE109 0.31747881949297607
MGAE109 2.6777852339221795
MGAE109 -3.9035851030072024
MGAE109 -5.12371416316077
MGAE109 -4.46918988391144
MGAE109 -2.0269356083069567
MGAE109 -4.081046045630927
MGAE109 -3.9279511094745203
MGAE109 3.431752911915538
MGAE109 2.3886211995664155
MGAE109 3.0271305412845777
MGAE109 5.490575937071128
MGAE109 3.846842246461904
MGAE109 5.164908902388987
MGAE109 3.3200174146366805
MGAE109 0.16695061943028122
MGAE109 -3.8813042066697108
MGAE109 1.4114427692352365
MGAE109 3.8322248728759405
MGAE109 -22.14745673343657
MGAE109 -11.970834234554502
MGAE109 -9.503150594008048
MGAE109 -7.565890163190204
MGAE109 -5.326095045633281
MGAE109 -1.3074485051538431
MGAE109 -18.38377027564681
MGAE109 -9.821331149368802
MGAE109 -14.419614325015573
MGAE109 -9.626311770624014
MGAE109 -10.112720889738966
MGAE109 -13.80942465124943
MGAE109 -12.70376469762067
MGAE109 -6.198395916488948
MGAE109 -2.594970428301025
MGAE109 1.6559030159260146
MGAE109 -2.138097863062285
MGAE109 -8.863646550019041
MGAE109 -6.396557355173854
MGAE109 -5.462436096295718
MGAE109 -6.268050470377787
MGAE109 -6.460471948746125
MGAE109 10.008573661805144
MGAE109 1.193715353033042
MGAE109 5.118113534224676
MGAE109 -6.319169243399529
MGAE109 -19.02586058876011
MGAE109 2.315289726145579
MGAE109 -14.054813687445119
MGAE109 3.789230984821927
MGAE109 -0.9690331965766177
MGAE109 -5.724374065576114
MGAE109 -12.666165192264543
MGAE109 -0.9416711521503203
MGAE109 -2.872095864773769
MGAE109 1.6925832426874194
MGAE109 -3.172708303412719
MGAE109 1.2318834296561363
MGAE109 0.8054151565645498
MGAE109 -3.701177090392548
MGAE109 -9.404241475286256
MGAE109 -7.863693848773835
MGAE109 -20.149541479377035
MGAE109 -10.004282856308862
MGAE109 -2.6985602914192555
MGAE109 -8.361891225907584
MGAE109 -2.619671924456725
MGAE109 -20.366669485716898
MGAE109 -4.0094317706162315
MGAE109 -6.491550214869221
MGAE109 -20.981179890865462
MGAE109 -1.2152652066678087
MGAE109 -1.5797687909324054
MGAE109 -5.713328682415863
MGAE109 -8.659245388670797
MGAE109 -21.359708737394527
MGAE109 -8.54214151976862
MGAE109 2.6510341467219405
MGAE109 0.9742505245189932
MGAE109 -10.649689347029152
MGAE109 2.3106143180124263
MGAE109 0.7453238485300062
MGAE109 -0.49085034186896337
MGAE109 -10.933052826973153
MGAE109 -3.1801721851202274
MGAE109 -2.196679832806126
MGAE109 0.3535017009010062
MGAE109 1.3736373825149713
MGAE109 0.09290740827100308
MGAE109 0.9453421848750168
MGAE109 -1.5595515239162978
MGAE109 -6.913924329222596
MGAE109 -1.1641485697118696
MGAE109 3.734800901824542
MGAE109 2.8321455844317143
MGAE109 4.991032376040835
MGAE109 2.792736907354083
MGAE109 5.329678913659791
MGAE109 5.869513977224642
MGAE109 3.8849419622374626
MGAE109 3.5999486543744297
MGAE109 4.243945009100116
MGAE109 3.3121117950126973
MGAE109 -4.906353486565649
MGAE109 3.8993030739698042
MGAE109 4.119130158793951
MGAE109 -4.745005366600253
IP13 4.263887035338257
IP13 -0.9467606672295403
IP13 1.2453869921306477
IP13 0.6743096581753321
IP13 -0.32542216004804914
IP13 0.44030796115987414
IP13 -2.1028706084925375
IP13 10.92318388768183
IP13 -3.4508924119698463
IP13 -2.397762969916215
IP13 -2.7518270746921303
IP13 2.801749828562606
IP13 -1.8937282241357138
EA13 -0.31015282550055545
EA13 0.1378144765365903
EA13 -1.3738784829073154
EA13 -0.9737483434821428
EA13 2.5703212375286952
EA13 -10.069313446449812
EA13 -7.863911663978364
EA13 -5.508845587025281
EA13 -2.0764342496276385
EA13 -1.1936816208646626
EA13 -1.8328973108786144
EA13 -2.1411085693980567
EA13 -1.8394671604747401
PA8 1.3855077092608497
PA8 0.676308952675015
PA8 2.9706345843282236
PA8 -0.4807128475513309
PA8 3.144930602435494
PA8 1.90746447579005
PA8 0.7227175396168661
PA8 0.12188475684078526
DBH76 -0.9185762003646234
DBH76 -2.4707920263893905
DBH76 0.2276016622510948
DBH76 -0.6412435684056383
DBH76 -2.784808198220139
DBH76 0.6507634228799581
DBH76 1.5946633068306255
DBH76 -2.7097535449262082
DBH76 -0.2950174864257402
DBH76 -0.2950174864257402
DBH76 3.0436923666202347
DBH76 0.9650576500469477
DBH76 -1.2386541717707586
DBH76 0.6447016232390892
DBH76 2.3498252661927834
DBH76 -1.215895725994777
DBH76 -0.6009987699811017
DBH76 -3.15368467278838
DBH76 2.281910721046442
DBH76 -1.8653313016933684
DBH76 0.8248233422986231
DBH76 -1.3885085202811744
DBH76 -0.565833711058076
DBH76 0.14583669058163728
DBH76 1.3004060362223981
DBH76 -1.2638424383674298
DBH76 2.7586373277660456
DBH76 0.4947511000651872
DBH76 -0.9183809054957237
DBH76 1.3220545690870509
DBH76 1.5880796583369374
DBH76 3.0898192733540775
DBH76 2.1805248464530447
DBH76 0.6934385708387723
DBH76 0.3692834833782399
DBH76 -1.7564986518053054
DBH76 4.1421715811389745
DBH76 4.1421715811389745
DBH76 1.5565200971369642
DBH76 7.837375727384355
DBH76 0.4223318356674284
DBH76 0.4223318356674284
DBH76 1.7753744138753973
DBH76 1.7753744138753973
DBH76 3.4400734193233085
DBH76 -0.1185507440309479
DBH76 -1.3606777331547346
DBH76 7.590795808612896
DBH76 -0.8133439766429369
DBH76 5.047801025942903
DBH76 1.3799809613154503
DBH76 1.3799809613154503
DBH76 2.624637183825252
DBH76 2.624637183825252
DBH76 -1.0325204061460682
DBH76 -1.0325204061460682
DBH76 -0.514889396694489
DBH76 -0.514889396694489
DBH76 -1.8845828887214893
DBH76 4.286011914228439
DBH76 -0.9014140621270053
DBH76 4.70048091116594
DBH76 1.2807557041355175
DBH76 2.8014977543169515
DBH76 2.824004397399257
DBH76 3.250680767185983
DBH76 -0.4706210209982231
DBH76 3.4011889503750723
DBH76 0.3359625361318468
DBH76 2.451494929213659
DBH76 1.0089077239765902
DBH76 2.115901153498271
DBH76 -0.5883871992351484
DBH76 0.7981326912570523
DBH76 0.440829357524926
DBH76 2.9156993350840636
NCCE31 0.18359652377839675
NCCE31 0.6249806078919207
NCCE31 0.5740044469723946
NCCE31 0.2940650086855747
NCCE31 -0.37561376485740716
NCCE31 0.33582642112160244
NCCE31 -0.35954925130005
NCCE31 -0.7104812841012609
NCCE31 -0.09692669956944888
NCCE31 -0.04309313419740679
NCCE31 -0.36677509487606574
NCCE31 0.1131443452183154
NCCE31 -0.3922328494419336
NCCE31 -0.12645894774701438
NCCE31 -0.1633937552012501
NCCE31 -0.21137413734104493
NCCE31 -0.2131574471248312
NCCE31 0.20547786450712024
NCCE31 0.2684366506617515
NCCE31 0.00295459525019396
NCCE31 -0.01025028532836586
NCCE31 0.004820226620649917
NCCE31 -0.015877242311835293
NCCE31 -0.04819058747554664
NCCE31 0.15728593684732917
NCCE31 -0.050958720266644386
NCCE31 0.07778147859440643
NCCE31 0.4678684669616633
NCCE31 -0.4777331595565193
NCCE31 0.680987988298293
NCCE31 -0.0009153731237163676
ABDE4 2.946769283698231
ABDE4 0.3788929580914555
ABDE4 0.007999510657967335
ABDE4 -2.1021355563914454
AE17 1.864242653167878
AE17 3.335650755452434
AE17 1.465359744574016
AE17 9.590538067304806
AE17 9.810678302932502
AE17 7.317335114177695
AE17 5.119538744351303
AE17 7.338776338983735
AE17 5.46445650448004
AE17 4.477167864519288
AE17 -2.3659492841688916
AE17 -4.376176043908345
AE17 -4.488281195168383
AE17 -3.8751862929202616
AE17 -0.7283245944126975
AE17 0.2708918938296847
AE17 -1.8673916463158093
pTC13 2.344982157612685
pTC13 2.4780384039157077
pTC13 2.533526563213673
pTC13 2.6498319103970402
pTC13 5.821993006608693
pTC13 7.011324667597648
pTC13 7.89384035284283
pTC13 9.228129781590553
pTC13 3.938004882168599
pTC13 5.9068073756876345
pTC13 7.666147306563801
pTC13 9.068138374921404
pTC13 10.689362390026218
F Err =  30.413494666036545
