MGAE109 -1.554394733976082
MGAE109 1.4767390323504515
MGAE109 -4.740002079074628
MGAE109 -1.1280798343203742
MGAE109 1.2171534617085058
MGAE109 -0.0821205956686697
MGAE109 -3.6142083999910426
MGAE109 -3.2487730737734637
MGAE109 -3.745784686418773
MGAE109 -6.544352392182617
MGAE109 -4.791513656683378
MGAE109 2.1695564330450736
MGAE109 3.196154090528154
MGAE109 2.588889528278969
MGAE109 3.4852225344046133
MGAE109 3.5613706028496495
MGAE109 4.486080885417749
MGAE109 1.9431329926918295
MGAE109 -0.4900961964740418
MGAE109 1.2794563228369498
MGAE109 2.6416185781949935
MGAE109 0.5589087624134663
MGAE109 -8.907339947181185
MGAE109 -1.0564441376261016
MGAE109 -3.5988406095077607
MGAE109 -2.674339208715253
MGAE109 -2.6707261818973507
MGAE109 -3.8538963513774434
MGAE109 -1.5234413751354339
MGAE109 -5.376622680175956
MGAE109 -3.0473163633141667
MGAE109 -3.6901476001203974
MGAE109 -9.763417401628658
MGAE109 -5.805808199832683
MGAE109 -8.36843714337391
MGAE109 -5.772691581975664
MGAE109 -1.544298276570629
MGAE109 2.372001028212253
MGAE109 -0.47125922166742384
MGAE109 -8.788416060359452
MGAE109 -2.941761869462198
MGAE109 -1.9855026971385854
MGAE109 -2.938823882595173
MGAE109 -1.4783119673002503
MGAE109 3.7213628470921094
MGAE109 -0.15023897471604641
MGAE109 2.4183667038939802
MGAE109 -4.96219005646185
MGAE109 -14.633244983498003
MGAE109 -6.536667046472417
MGAE109 -15.384890895208798
MGAE109 -2.000560181611206
MGAE109 -6.640133194749922
MGAE109 -2.7990863336529515
MGAE109 -6.9532856839382475
MGAE109 2.489784837174284
MGAE109 3.6832290270120893
MGAE109 5.6265166577301216
MGAE109 6.683373703119514
MGAE109 3.1699804756458434
MGAE109 2.578189915604298
MGAE109 4.908448841785912
MGAE109 -0.09236380074668205
MGAE109 -10.037828890196977
MGAE109 -9.159024951588322
MGAE109 -10.015648816835608
MGAE109 -4.44807389656313
MGAE109 0.5245871253468977
MGAE109 -2.1482630171981327
MGAE109 -10.927894103886842
MGAE109 -5.593315677680096
MGAE109 -5.545056092222239
MGAE109 -11.776975989693312
MGAE109 -0.5703880658091833
MGAE109 0.3798011052169272
MGAE109 -4.38959881981134
MGAE109 -7.6531573296099396
MGAE109 -10.025707878799864
MGAE109 -7.084649145826688
MGAE109 1.5467426115937997
MGAE109 -7.204541444331426
MGAE109 -14.807138451852325
MGAE109 -1.227458798122484
MGAE109 7.591801356260021
MGAE109 3.769122971834122
MGAE109 -6.020052792397337
MGAE109 -2.8347311977099707
MGAE109 1.8074479973444113
MGAE109 -3.0690508436207438
MGAE109 -1.322744346071886
MGAE109 -4.493506536683981
MGAE109 5.281057799556265
MGAE109 5.006660408262405
MGAE109 -8.551744265925322
MGAE109 -3.209970789474937
MGAE109 4.92462281476071
MGAE109 2.1667016969778388
MGAE109 -0.2363475070893628
MGAE109 -1.9860558800619401
MGAE109 -2.1160434651742435
MGAE109 -1.3645318604319527
MGAE109 2.2780987608375654
MGAE109 0.8812339281296317
MGAE109 8.591240630568336
MGAE109 6.179333750222668
MGAE109 -2.1664934849488873
MGAE109 -1.7384512393869045
MGAE109 -3.4949530788901484
MGAE109 -0.08337048397925173
IP13 1.9507603775252846
IP13 0.7967283792933415
IP13 2.3330051035596853
IP13 1.77635987259913
IP13 -0.4092977360822374
IP13 0.1214920457292692
IP13 4.808507201638406
IP13 5.3549721649266075
IP13 -3.3499629990081417
IP13 -0.07605790634406162
IP13 0.7270607324782645
IP13 3.1295124037424102
IP13 -2.496352406346716
EA13 2.1078364519331068
EA13 1.3166334696905722
EA13 0.5517117390374153
EA13 0.3437798532447829
EA13 3.8074509397614733
EA13 -6.400148613280905
EA13 -6.156115818022521
EA13 -4.478322903593654
EA13 0.12469796622288243
EA13 -0.047234198794466664
EA13 -0.1243295209482298
EA13 -0.5504774841829203
EA13 -0.5354566626902653
PA8 0.056767691808630616
PA8 -0.849242154171236
PA8 0.47585542686866233
PA8 0.3614142426813487
PA8 -0.12497919034794336
PA8 -0.4176161977404149
PA8 -0.8972432594979125
PA8 0.6678392889328677
DBH76 -2.1178688814863564
DBH76 -2.3681607507891025
DBH76 -0.13573547368891958
DBH76 -2.393915113648756
DBH76 -1.8682902395174548
DBH76 0.9073311223227272
DBH76 1.1082229669300432
DBH76 -3.9255780348699787
DBH76 -0.8618203962106801
DBH76 -0.8618203962106801
DBH76 2.907492566955625
DBH76 0.3734895349669394
DBH76 -0.5707641242144745
DBH76 1.9545653682993729
DBH76 1.4561623685265657
DBH76 -3.1187728977733045
DBH76 -1.5362659868207356
DBH76 -5.597391577692825
DBH76 3.6909329955208516
DBH76 -2.1600849869268135
DBH76 -0.47231292633805433
DBH76 -1.6474112746829626
DBH76 -2.153336056791886
DBH76 0.9220605638137211
DBH76 0.09195481081923162
DBH76 -1.5548236360971366
DBH76 3.7309753840160553
DBH76 0.405286894049496
DBH76 -0.1680679098208202
DBH76 4.36925319054135
DBH76 1.965134334481263
DBH76 6.043589699339645
DBH76 2.9178544309339483
DBH76 0.8769221966227647
DBH76 1.3404782614634314
DBH76 -1.0593197083479033
DBH76 5.74794689299015
DBH76 5.74794689299015
DBH76 -0.3847401145566245
DBH76 3.0809489575080846
DBH76 -4.79126691748359
DBH76 -4.79126691748359
DBH76 0.3235651505528949
DBH76 0.3235651505528949
DBH76 -0.824252569010131
DBH76 -6.641127734346377
DBH76 -1.929501809903304
DBH76 -1.8452072667540023
DBH76 -1.9853308463539001
DBH76 0.2883426295919378
DBH76 -0.6300027902872534
DBH76 -0.6300027902872534
DBH76 1.3357264268607825
DBH76 1.3357264268607825
DBH76 -0.4098655469948427
DBH76 -0.4098655469948427
DBH76 0.16176488707773373
DBH76 0.16176488707773373
DBH76 -1.7433004507119776
DBH76 4.035656008273364
DBH76 -0.293440087637864
DBH76 4.53017004071269
DBH76 -0.3218513064808213
DBH76 -0.24475198918313268
DBH76 1.7698784141312345
DBH76 -0.13952737006475502
DBH76 0.34916112679697164
DBH76 0.24192212853871808
DBH76 -1.1175736265885643
DBH76 -0.01594412576348958
DBH76 0.44767559379513844
DBH76 -3.2112438587428187
DBH76 1.8825590649925292
DBH76 -1.6438452897261584
DBH76 1.3084715777655944
DBH76 2.4792320332414235
NCCE31 -0.026566637700307094
NCCE31 0.27946187102468656
NCCE31 0.33940665079106136
NCCE31 0.2929869579564546
NCCE31 -0.4182765309792007
NCCE31 0.1746103518176838
NCCE31 -0.3874399509245996
NCCE31 -0.3703058761626017
NCCE31 0.21548604650655756
NCCE31 -0.06574165199650484
NCCE31 0.045008864374831425
NCCE31 0.3959792046668005
NCCE31 -0.29075312027009126
NCCE31 -0.4711502813990227
NCCE31 -0.45770121853798607
NCCE31 -0.41230522936675706
NCCE31 -0.39236736374441517
NCCE31 -0.20002279748208807
NCCE31 0.09943124387413249
NCCE31 0.08573666659591253
NCCE31 0.03388088405830786
NCCE31 0.11971148628974333
NCCE31 0.049783734376542266
NCCE31 0.07465720911684912
NCCE31 0.22997611769940707
NCCE31 -0.24638049936562312
NCCE31 -0.34041332290857107
NCCE31 -0.019172653222922165
NCCE31 -0.21988081216346478
NCCE31 0.9584346390236167
NCCE31 0.5174379918305205
ABDE4 2.539396512379753
ABDE4 0.0713920806592796
ABDE4 0.464588477357168
ABDE4 -1.5739478141674823
AE17 1.4917575693995104
AE17 2.386250619382963
AE17 -0.9720895263153579
AE17 4.972859207266083
AE17 1.756502147671199
AE17 0.11102593049145071
AE17 0.28647323577752104
AE17 -1.8694562101518386
AE17 -1.122117137812893
AE17 1.4244279730482958
AE17 -3.5548919763823505
AE17 -2.061615244107088
AE17 -1.627500338741811
AE17 -0.2757029020576738
AE17 3.0612265602103435
AE17 2.3088550644461066
AE17 -0.3406331458245404
pTC13 3.211015992934699
pTC13 3.922578398688348
pTC13 4.336239520501113
pTC13 -0.9874512587071536
pTC13 -1.5206188851181537
pTC13 -0.07932055515237835
pTC13 1.0283301860455083
pTC13 2.531965466489794
pTC13 1.299170486657232
pTC13 2.4662775422999346
pTC13 3.7834541126526915
pTC13 4.949789588750576
pTC13 6.420275481768186
F Err =  20.14384785374567
