MGAE109 -4.216175680947785
MGAE109 1.450309101906896
MGAE109 -3.3714582684633285
MGAE109 0.9010632590117211
MGAE109 1.9835758479824221
MGAE109 -6.08303039396705
MGAE109 -6.802433940221675
MGAE109 -5.742625375623447
MGAE109 -1.6877399552529084
MGAE109 -2.9749201484341654
MGAE109 -3.4552745201389143
MGAE109 -1.6299621726491011
MGAE109 2.6675288353685858
MGAE109 -1.188520827088496
MGAE109 -3.473667829955218
MGAE109 0.8186449314060269
MGAE109 0.21963821079813783
MGAE109 3.015252297340197
MGAE109 1.222991236136295
MGAE109 -4.012002712655203
MGAE109 1.8729837932064584
MGAE109 5.662023798638529
MGAE109 -23.578863975867876
MGAE109 -15.137164727427887
MGAE109 -10.294383222406623
MGAE109 -7.168974517371396
MGAE109 -5.406814371208327
MGAE109 -0.1342229321517152
MGAE109 -24.61481799029977
MGAE109 -11.366525677972845
MGAE109 -17.377670293761184
MGAE109 -8.42129038506944
MGAE109 -9.466968189882436
MGAE109 -15.90961904727854
MGAE109 -8.889571680611141
MGAE109 -5.203796135082371
MGAE109 -6.203548857159916
MGAE109 3.156038775749039
MGAE109 -0.4401564879808575
MGAE109 -12.12511367496569
MGAE109 -6.781846189920316
MGAE109 -5.256488474919465
MGAE109 -6.361840539425614
MGAE109 -7.208268989596981
MGAE109 -0.4845985152502408
MGAE109 3.2675992371537745
MGAE109 6.902143552482585
MGAE109 -5.4134982753987515
MGAE109 -17.449191451417278
MGAE109 8.969654109110138
MGAE109 -12.168485530524038
MGAE109 13.48140610959382
MGAE109 1.4989986046485342
MGAE109 7.1213974236231365
MGAE109 -5.746993807379567
MGAE109 2.052584505914183
MGAE109 5.6389105562865325
MGAE109 12.36258539746052
MGAE109 5.321778319856321
MGAE109 5.846482160569849
MGAE109 6.805584350460549
MGAE109 5.320629222798061
MGAE109 -5.612048493780605
MGAE109 2.155815573818984
MGAE109 -16.566453974419233
MGAE109 -4.750451340870939
MGAE109 -0.5371441103907841
MGAE109 -8.405024204369965
MGAE109 -2.6468145907078906
MGAE109 -17.894344046996025
MGAE109 3.747494010175558
MGAE109 -3.844694440359035
MGAE109 -21.491499539641666
MGAE109 -5.813368113974306
MGAE109 0.7817060027629736
MGAE109 -2.965698693477293
MGAE109 -5.373689948407673
MGAE109 -22.45646157038746
MGAE109 -12.09422168105607
MGAE109 2.5435717942891642
MGAE109 9.849126802971568
MGAE109 -11.360134850093118
MGAE109 5.490142481627458
MGAE109 9.821429610919495
MGAE109 7.90932734054627
MGAE109 -7.3193448874901605
MGAE109 -0.06214779506035484
MGAE109 0.8270635770901436
MGAE109 2.9974316691398144
MGAE109 2.431917180284472
MGAE109 3.854374641920458
MGAE109 3.886965002720217
MGAE109 3.148194670395469
MGAE109 -0.5760797602193861
MGAE109 4.906621322333194
MGAE109 9.354295324265308
MGAE109 6.1692520723055395
MGAE109 9.32892964789005
MGAE109 6.467706549151444
MGAE109 11.961602428310925
MGAE109 12.711560321877414
MGAE109 12.833327872877817
MGAE109 9.637230798035716
MGAE109 16.670079255428845
MGAE109 15.752220067579856
MGAE109 -1.5558326891280103
MGAE109 9.798824485773821
MGAE109 12.62639431751154
MGAE109 -1.1424579406052544
IP13 6.418462601368219
IP13 -2.055705659851668
IP13 0.8246058420196505
IP13 0.7275447861151747
IP13 0.36619524871929343
IP13 -0.5885516756810603
IP13 -6.481408237990706
IP13 11.49503549091753
IP13 -0.9123053520277722
IP13 0.1017634754302037
IP13 -0.4960371998429878
IP13 4.908782837737817
IP13 -0.21582756189746988
EA13 0.5692703245391009
EA13 -1.2340505568392075
EA13 -2.637340656194141
EA13 -1.5881856156722591
EA13 -0.3671662229113295
EA13 -12.149646889051652
EA13 -10.235612017214883
EA13 -9.24430182153883
EA13 -4.085872768237024
EA13 -2.8494205685157787
EA13 -3.4607832707173642
EA13 -3.1515511791221797
EA13 -0.5666402719053423
PA8 2.9317711237905257
PA8 2.1825425365342994
PA8 5.035273370528017
PA8 -1.2097050518495962
PA8 1.8980245808837992
PA8 1.9086169354384879
PA8 1.394993138068827
PA8 0.6382541458741287
DBH76 2.338544218346942
DBH76 -4.867815131742973
DBH76 -1.2663940141303787
DBH76 3.22979390666136
DBH76 -4.845184417173618
DBH76 1.910696285770097
DBH76 0.9870695413410431
DBH76 -1.2726232408109368
DBH76 -1.197802410562451
DBH76 -1.197802410562451
DBH76 3.1132789067632984
DBH76 1.3962901489765507
DBH76 -1.0941326459898846
DBH76 -1.544611293126363
DBH76 1.7000084634972152
DBH76 0.25094695330481187
DBH76 -0.3377789023414106
DBH76 2.1803146914926756
DBH76 1.2150126888239168
DBH76 -1.315239855399705
DBH76 0.8135410145390778
DBH76 -4.080820378864882
DBH76 1.4664168754316051
DBH76 -2.7592112832836566
DBH76 1.5414808342042647
DBH76 -5.423567782816246
DBH76 2.6565052997390737
DBH76 -0.32422589162830207
DBH76 -0.9893123164656572
DBH76 -0.5273961812403272
DBH76 1.2619191692429013
DBH76 0.9132040325086557
DBH76 0.6532797244668469
DBH76 0.9212069720611922
DBH76 -0.9658712426389684
DBH76 -1.408575267004199
DBH76 1.9335679731244468
DBH76 1.9335679731244468
DBH76 2.446914443037823
DBH76 4.708544195400904
DBH76 1.042747992476798
DBH76 1.042747992476798
DBH76 1.5884044240228832
DBH76 1.5884044240228832
DBH76 4.589483061067877
DBH76 2.5658937081284208
DBH76 -0.6035286996443756
DBH76 10.920815827495247
DBH76 1.4075713254674334
DBH76 6.954155147806745
DBH76 3.8152679592202183
DBH76 3.8152679592202183
DBH76 3.9691220147989217
DBH76 3.9691220147989217
DBH76 2.290648535452783
DBH76 2.290648535452783
DBH76 2.107274502548389
DBH76 2.107274502548389
DBH76 1.0666607518424271
DBH76 6.062773854137632
DBH76 0.8909726209263318
DBH76 5.792139038660096
DBH76 3.2069743572187144
DBH76 6.12824031430122
DBH76 3.7547644958167794
DBH76 7.965442920144412
DBH76 -0.7858645934169175
DBH76 4.516529294677312
DBH76 0.4383216130355141
DBH76 3.741517494512955
DBH76 1.4247407985906466
DBH76 5.246486064381315
DBH76 -0.19763908107561257
DBH76 5.749887020997704
DBH76 -0.3587617060478081
DBH76 2.7282610804319845
NCCE31 0.09847594971652152
NCCE31 0.4973723648360462
NCCE31 0.501751012533787
NCCE31 0.3051876343559705
NCCE31 -0.426775746219791
NCCE31 0.7329377479560222
NCCE31 -0.4317091966827866
NCCE31 -1.0848385368613527
NCCE31 -0.7591764220874757
NCCE31 -0.7302049306593839
NCCE31 -0.8751876790728419
NCCE31 -0.43160539901815387
NCCE31 -0.5306766284676261
NCCE31 -0.18929767238674677
NCCE31 -0.26190201809164115
NCCE31 -0.14518015531357387
NCCE31 -0.45236072964034957
NCCE31 0.1944259224366398
NCCE31 0.43961662057321504
NCCE31 0.16146395564370322
NCCE31 0.1636261502839625
NCCE31 0.24210784725612028
NCCE31 0.2416287889983505
NCCE31 0.2781741609226447
NCCE31 0.6917613004927989
NCCE31 0.15889181191072566
NCCE31 0.11724448414694044
NCCE31 0.31754071534494877
NCCE31 -0.16330184380291035
NCCE31 0.7272427150071596
NCCE31 -0.07417520127026345
ABDE4 3.58542848278681
ABDE4 0.5429560529009905
ABDE4 0.022812301519437028
ABDE4 -2.633186069133231
AE17 1.7678933274352744
AE17 9.293883250822773
AE17 8.558624858444091
AE17 19.574651844191976
AE17 21.91995432913609
AE17 17.932163455196132
AE17 12.74004485806654
AE17 17.427407869210583
AE17 14.784026889959932
AE17 11.71005225830595
AE17 2.963465866545448
AE17 2.681864924597903
AE17 1.2412013833527453
AE17 -1.0726448179339059
AE17 -2.02802380421781
AE17 -2.0941528879047837
AE17 -6.384548934060149
pTC13 2.256965985483839
pTC13 2.377953148836969
pTC13 2.464270899229451
pTC13 4.32092312163644
pTC13 6.53768365129946
pTC13 7.4921760489745
pTC13 8.268543616444816
pTC13 9.542961582815053
pTC13 5.488189608432577
pTC13 7.6304724335292065
pTC13 9.405358911174119
pTC13 10.811819346596025
pTC13 12.435310348549393
F Err =  43.49802234537548
