MGAE109 -2.4681063439279427
MGAE109 -0.5979585304885404
MGAE109 -1.337844129117883
MGAE109 0.4617117729550273
MGAE109 2.5024446726968677
MGAE109 -4.460361259787163
MGAE109 -5.380234773441629
MGAE109 -4.721233443447545
MGAE109 -1.910424193133366
MGAE109 -4.022137017990161
MGAE109 -4.215147365702137
MGAE109 2.2641589824063715
MGAE109 2.039230583566251
MGAE109 1.7777545041556095
MGAE109 3.2939945586375075
MGAE109 3.1434988075459955
MGAE109 3.9762405412807027
MGAE109 3.2728587245254346
MGAE109 0.34975702018709853
MGAE109 -4.33546520565983
MGAE109 1.3362862952585601
MGAE109 4.282176225922285
MGAE109 -23.095645504173604
MGAE109 -13.157610195004679
MGAE109 -10.424710554196508
MGAE109 -8.013426856712329
MGAE109 -5.76024956465875
MGAE109 -1.3042557824583128
MGAE109 -20.250506000248123
MGAE109 -10.090998524051997
MGAE109 -15.51354550641554
MGAE109 -9.799270871602928
MGAE109 -10.33634127557275
MGAE109 -14.909970454901924
MGAE109 -12.69883405924719
MGAE109 -6.290165913810483
MGAE109 -3.719050987423401
MGAE109 1.8426106784609146
MGAE109 -2.104001389001496
MGAE109 -10.199426287263634
MGAE109 -6.975012292086603
MGAE109 -5.948156709568579
MGAE109 -6.67229663137114
MGAE109 -7.208534589058253
MGAE109 7.506052286727368
MGAE109 1.5620522154518426
MGAE109 5.569507678379296
MGAE109 -6.488033125826632
MGAE109 -19.806679755095388
MGAE109 3.3380605634441736
MGAE109 -14.689795188012056
MGAE109 5.674659723253001
MGAE109 -1.811018199085936
MGAE109 -3.3304255797341398
MGAE109 -13.273609504629803
MGAE109 -0.6709097172738439
MGAE109 -2.1052669665206167
MGAE109 3.4597031724639464
MGAE109 -2.0725822661404436
MGAE109 2.0156288612738535
MGAE109 1.7756409925984826
MGAE109 -2.2173242267315345
MGAE109 -9.191917268816326
MGAE109 -5.822112140534443
MGAE109 -21.14968084574673
MGAE109 -10.69790310576326
MGAE109 -2.52600867449479
MGAE109 -8.82242048254875
MGAE109 -2.6105595889116557
MGAE109 -20.259392311382157
MGAE109 -2.4599216669658404
MGAE109 -7.3477888656093455
MGAE109 -22.513243802650834
MGAE109 -2.4071006659392964
MGAE109 -1.3148112118104223
MGAE109 -5.882795719784895
MGAE109 -8.630828899943708
MGAE109 -22.77660424592787
MGAE109 -11.08664418197236
MGAE109 2.692299539136002
MGAE109 2.143127291444671
MGAE109 -12.500634836684867
MGAE109 3.0791090083952213
MGAE109 2.4122702837171346
MGAE109 0.8783190122060205
MGAE109 -10.869445483151367
MGAE109 -2.8294609157724153
MGAE109 -2.2006665285001645
MGAE109 0.8732986008865282
MGAE109 1.343371185014803
MGAE109 0.7709134276997247
MGAE109 1.1863392607785954
MGAE109 -0.8836780252947847
MGAE109 -6.094725565584326
MGAE109 -0.03832775007413147
MGAE109 4.8456997044198715
MGAE109 3.4770115472684893
MGAE109 6.110342046943856
MGAE109 3.442467515556018
MGAE109 7.135133102326563
MGAE109 7.663482247815637
MGAE109 5.703360917711507
MGAE109 4.976576438174789
MGAE109 6.733779743993637
MGAE109 5.69093938303422
MGAE109 -4.642754953145641
MGAE109 5.346532543266676
MGAE109 6.259770150788199
MGAE109 -4.6008858325408255
IP13 4.824122273695821
IP13 -1.2325553950830397
IP13 1.1470276802580202
IP13 0.624745718783231
IP13 -0.22869250290096943
IP13 0.18112074301609482
IP13 -3.287655283138463
IP13 10.919023877847962
IP13 -2.9994461364229323
IP13 -2.127529466286063
IP13 -2.5970389983384052
IP13 3.3181440790649503
IP13 -1.5371734816988578
EA13 -0.34757474880956707
EA13 -0.29793157949112015
EA13 -1.903453433773251
EA13 -1.3557170085352794
EA13 1.9174093183595673
EA13 -10.981750390234808
EA13 -8.594013893783561
EA13 -6.54298249106505
EA13 -2.6595547544583695
EA13 -1.6145805053412907
EA13 -2.378115378617075
EA13 -2.478928092692513
EA13 -1.6399906809511577
PA8 1.8954352605156544
PA8 1.131390764926607
PA8 3.707270037141285
PA8 -0.5339509762998205
PA8 3.161379190662416
PA8 2.1225505214941336
PA8 1.0411522682756242
PA8 0.24104774217980207
DBH76 -0.11713618574431184
DBH76 -3.0439938718476336
DBH76 -0.11403130232204184
DBH76 0.15135653876125232
DBH76 -3.3809840834335088
DBH76 0.9268494822484392
DBH76 1.5785780508267635
DBH76 -2.463867673771894
DBH76 -0.6091157728365939
DBH76 -0.6091157728365939
DBH76 3.1985823256109143
DBH76 1.0578681707600488
DBH76 -1.2006418090597435
DBH76 0.1803340705204759
DBH76 2.333453681557148
DBH76 -0.9713263608267866
DBH76 -0.4348375524178163
DBH76 -2.082884252179859
DBH76 2.0272651840253086
DBH76 -1.68389190884991
DBH76 0.7654044164868536
DBH76 -2.1544379831932012
DBH76 -0.02733729543251684
DBH76 -0.6240137682371998
DBH76 1.3341899740981944
DBH76 -2.3334698772139397
DBH76 2.7926485794084144
DBH76 0.46246736605884564
DBH76 -0.8309254562263959
DBH76 0.7896809571626378
DBH76 1.6116455938026775
DBH76 2.4945863249842652
DBH76 1.9134835988603296
DBH76 0.7494177113272613
DBH76 0.1366120927305019
DBH76 -1.6651194770172886
DBH76 3.635486214619597
DBH76 3.635486214619597
DBH76 1.7346869194635666
DBH76 7.292607509404192
DBH76 0.5041402864956765
DBH76 0.5041402864956765
DBH76 1.7860300338361412
DBH76 1.7860300338361412
DBH76 3.5802873242256474
DBH76 0.4708438794191139
DBH76 -1.1930494179355446
DBH76 8.571773671271515
DBH76 -0.3369471508963038
DBH76 5.53588351726998
DBH76 1.8051341481221608
DBH76 1.8051341481221608
DBH76 2.8080119053821537
DBH76 2.8080119053821537
DBH76 -0.3108676657662728
DBH76 -0.3108676657662728
DBH76 0.029356868970207728
DBH76 0.029356868970207728
DBH76 -1.2353932343330243
DBH76 4.622726316156914
DBH76 -0.5301808339403942
DBH76 4.881141681557054
DBH76 1.572617724200827
DBH76 3.454647750648146
DBH76 2.890807797542074
DBH76 4.3380897666618665
DBH76 -0.6141023298981594
DBH76 3.7928243283828493
DBH76 0.3222080152609852
DBH76 2.911708458581707
DBH76 1.0516033186370624
DBH76 3.0014891610117047
DBH76 -0.6088778473145791
DBH76 2.088570184337442
DBH76 0.36767848287825444
DBH76 2.897211093557125
NCCE31 0.18208244052366362
NCCE31 0.597015681043267
NCCE31 0.5566396432853074
NCCE31 0.30154712166753583
NCCE31 -0.39084751257672856
NCCE31 0.4300412423850517
NCCE31 -0.3594654369249475
NCCE31 -0.7999767261522357
NCCE31 -0.23193702416261663
NCCE31 -0.18483436586335333
NCCE31 -0.4697606429643928
NCCE31 -0.001735366603825561
NCCE31 -0.3617887478368349
NCCE31 -0.11121233945246778
NCCE31 -0.16670128585770705
NCCE31 -0.16971441756468275
NCCE31 -0.24396571523975563
NCCE31 0.25256443200865775
NCCE31 0.35897347567137317
NCCE31 0.045799784123082644
NCCE31 0.043393795085139575
NCCE31 0.06968943904386833
NCCE31 0.06163518713321536
NCCE31 0.044860707568004726
NCCE31 0.29971137110376733
NCCE31 0.022536640064790836
NCCE31 0.11642384111124549
NCCE31 0.44963250263943344
NCCE31 -0.4557677004509606
NCCE31 0.6734786905487997
NCCE31 -0.10264980213949437
ABDE4 3.1059120923231234
ABDE4 0.5923512309091166
ABDE4 -0.1374241297371981
ABDE4 -2.250810463728854
AE17 1.8149119515658754
AE17 4.771439561425041
AE17 2.987651682188698
AE17 11.688225540214262
AE17 12.283564268263945
AE17 9.34277485090206
AE17 6.736963284216472
AE17 9.621635395065823
AE17 7.471283242812206
AE17 6.261248621740378
AE17 -1.4653081525029847
AE17 -3.140705437079305
AE17 -3.6954153454571497
AE17 -3.8814423887524754
AE17 -1.6426387323299423
AE17 -0.9717760156781878
AE17 -3.7473848130903207
pTC13 2.307846040194272
pTC13 2.420052544836654
pTC13 2.46657210799167
pTC13 3.33822395120427
pTC13 6.447072457213665
pTC13 7.559109786925831
pTC13 8.402374303854316
pTC13 9.71268705087715
pTC13 4.508142038887883
pTC13 6.534135403585964
pTC13 8.305589446887609
pTC13 9.711168737707197
pTC13 11.333222029731843
F Err =  33.50075421404871
