MGAE109 -1.1199439611159363
MGAE109 1.506712772665196
MGAE109 -2.5930935485421003
MGAE109 -1.606629892167689
MGAE109 -2.214824505815784
MGAE109 -0.13824929304391276
MGAE109 -2.098229110062533
MGAE109 -2.7329895432299054
MGAE109 -1.101364115011819
MGAE109 -2.8848414262942867
MGAE109 -2.9150679424082
MGAE109 1.3262049652123835
MGAE109 3.379814202063727
MGAE109 -0.043204895793451215
MGAE109 -3.4133980237704122
MGAE109 3.388055987376731
MGAE109 0.5280052956554471
MGAE109 -1.889002813372059
MGAE109 -1.7609707124065608
MGAE109 -1.2016447919970688
MGAE109 -1.9230623119560732
MGAE109 -2.6590271838981607
MGAE109 -5.079722362795451
MGAE109 -2.044363088745456
MGAE109 -0.9617481715633858
MGAE109 -1.3142058606824207
MGAE109 -1.6821902944520275
MGAE109 -1.4260453280940055
MGAE109 -2.3949893872090513
MGAE109 -2.0502761603798945
MGAE109 -1.7406643379799789
MGAE109 0.7883651231840503
MGAE109 -2.630512370205224
MGAE109 -6.035673345600372
MGAE109 -0.4038904143346258
MGAE109 -0.37453082861145504
MGAE109 1.9263805423071574
MGAE109 -0.005307905608788133
MGAE109 -0.7374047531047836
MGAE109 -2.900251770336183
MGAE109 -2.889281770205116
MGAE109 -1.68737510354957
MGAE109 -1.7926590400049491
MGAE109 -2.1864305824483736
MGAE109 -5.4168565838341465
MGAE109 -1.672793526316525
MGAE109 -1.0399878449482003
MGAE109 -1.7829317511152567
MGAE109 -10.109247666371516
MGAE109 -1.170836601974429
MGAE109 -8.685325208632264
MGAE109 1.5904919685097525
MGAE109 2.3597210402868427
MGAE109 2.5154119716677883
MGAE109 2.840668282178285
MGAE109 -0.16148430484690834
MGAE109 2.117161274350906
MGAE109 0.2969949223567028
MGAE109 2.058458599604137
MGAE109 -2.1131915785122146
MGAE109 -0.19334037989960962
MGAE109 1.4092942008421687
MGAE109 0.898401413998215
MGAE109 -1.7700751738715894
MGAE109 1.2066175197670646
MGAE109 2.167487083228764
MGAE109 -0.5239624172373283
MGAE109 -0.8297979431185922
MGAE109 -2.084039899442814
MGAE109 -3.282786769028803
MGAE109 -1.0574035165691953
MGAE109 1.3256726326467287
MGAE109 -7.856535697183574
MGAE109 -1.1786292064306139
MGAE109 -0.8065869145173679
MGAE109 1.41810636413868
MGAE109 -0.25703471436395375
MGAE109 -0.6980261621519332
MGAE109 -2.940464539967934
MGAE109 0.4623505176277831
MGAE109 -1.7847212581150416
MGAE109 -5.064037656714163
MGAE109 -1.4330411412225885
MGAE109 3.258178011599284
MGAE109 -2.3956472256093093
MGAE109 -0.6404295323975475
MGAE109 -1.3752971974295178
MGAE109 2.030200082227225
MGAE109 -1.4889623908791236
MGAE109 0.2746821967366486
MGAE109 -1.5548410541045996
MGAE109 0.874396783810198
MGAE109 1.3549771091295497
MGAE109 -0.45761303592701097
MGAE109 -0.953618912820275
MGAE109 1.2030202566896833
MGAE109 -1.9390610550716474
MGAE109 -2.717985716707176
MGAE109 0.20824765599809325
MGAE109 -3.406414671210314
MGAE109 -3.1237327071646632
MGAE109 -1.613541017436546
MGAE109 -2.390739433029694
MGAE109 4.864965112861228
MGAE109 0.611378938256621
MGAE109 -0.7745778786286337
MGAE109 -1.3138115797005412
MGAE109 -2.363362524923332
MGAE109 1.9732124321121773
IP13 1.551984631854566
IP13 1.977642360401802
IP13 1.1009520445519456
IP13 0.5056478896271415
IP13 0.5472803254844507
IP13 2.806693673484574
IP13 2.5869724812346817
IP13 9.206488775083585
IP13 -4.373055285378371
IP13 -0.7999427908449377
IP13 -0.29653842078988646
IP13 3.685024480044376
IP13 -3.8936618833802754
EA13 -0.6155253424817069
EA13 0.704017837622672
EA13 -0.9413130744395346
EA13 -0.4335481675900468
EA13 2.5608562521869302
EA13 -5.995394156071413
EA13 -3.6679977774215544
EA13 -3.974337380813086
EA13 2.232966294612268
EA13 -0.5602274948789265
EA13 -2.0910016163601526
EA13 -0.24493678839644417
EA13 -3.8145048613788077
PA8 -1.9649769530282413
PA8 -1.0564892700247697
PA8 0.9890621542275824
PA8 1.4491701429942623
PA8 -1.6593376752803977
PA8 -1.2761846902605498
PA8 -1.2493267083424087
PA8 3.5510667079562097
DBH76 -1.4616869347402828
DBH76 -1.0493454288365323
DBH76 0.24795806359563777
DBH76 -0.386890041257697
DBH76 -0.07426613799450443
DBH76 0.35616845479018977
DBH76 -1.0735271749836102
DBH76 -2.1388098726216427
DBH76 2.05882451623088
DBH76 2.05882451623088
DBH76 -0.3525456038187258
DBH76 -0.8712624819410841
DBH76 -1.591000887404516
DBH76 -0.7482247886969704
DBH76 -0.44697270279284584
DBH76 -0.9944639713998171
DBH76 -0.38486533796030464
DBH76 -1.9613040739393668
DBH76 -1.4326699121326971
DBH76 -1.6858394135000712
DBH76 0.516038601641776
DBH76 2.5174600869475405
DBH76 -0.9012136244564317
DBH76 -1.0784787158746614
DBH76 0.938075674466404
DBH76 1.4307997990492716
DBH76 -2.3500551098771396
DBH76 -1.7604485125187779
DBH76 -1.6136054931776016
DBH76 -1.6018202898107106
DBH76 0.2996887851986685
DBH76 -0.20631744045822487
DBH76 -0.37657009953400156
DBH76 -0.4053444900186136
DBH76 -1.8960870211849397
DBH76 -2.3426528407006124
DBH76 0.868657961787541
DBH76 0.868657961787541
DBH76 0.46857099871442287
DBH76 -0.20892150500323226
DBH76 -2.784955129245354
DBH76 -2.784955129245354
DBH76 0.5416562540340237
DBH76 0.5416562540340237
DBH76 0.7025016103190147
DBH76 -2.8348069260823863
DBH76 -0.08622243359743154
DBH76 2.104382969594738
DBH76 -2.034702409950551
DBH76 0.5439687664946575
DBH76 -0.04669783173827452
DBH76 -0.04669783173827452
DBH76 1.915954039291245
DBH76 1.915954039291245
DBH76 -0.9261353608104401
DBH76 -0.9261353608104401
DBH76 0.12298264543991522
DBH76 0.12298264543991522
DBH76 -2.274238539256622
DBH76 3.4165325294458313
DBH76 -0.19974215613678092
DBH76 4.123581380508838
DBH76 -0.4327223281312036
DBH76 -0.14353509508160656
DBH76 1.6273843200679394
DBH76 3.4866185047256266
DBH76 -0.2559443519561313
DBH76 0.7350232311151927
DBH76 0.42495163317478735
DBH76 0.25149489277857384
DBH76 1.214130908062798
DBH76 1.8913488892867463
DBH76 -0.8500288233786701
DBH76 1.1055588434258254
DBH76 -1.904905030220398
DBH76 0.5125030454216173
NCCE31 0.13029913987847985
NCCE31 0.565261862480547
NCCE31 0.551692509762943
NCCE31 0.4029051174182676
NCCE31 -0.5451271937612905
NCCE31 0.45066611200454787
NCCE31 0.3643793192727025
NCCE31 0.22728170390240843
NCCE31 0.7562486119545064
NCCE31 0.05528080956777526
NCCE31 0.36473626096732925
NCCE31 0.7338660572865043
NCCE31 -0.12709351128898483
NCCE31 -0.19969601902645073
NCCE31 -0.18199031030759194
NCCE31 -0.09589257419575015
NCCE31 -0.029101974167860867
NCCE31 0.09601113703334718
NCCE31 0.7605198710551484
NCCE31 0.1271068887662841
NCCE31 0.09180870529729873
NCCE31 0.19337896657991221
NCCE31 0.15973297943593934
NCCE31 0.19443649723078124
NCCE31 0.4653780471137725
NCCE31 -0.006446508361259484
NCCE31 0.034432969372719446
NCCE31 0.23386617969488732
NCCE31 -0.25652906194096436
NCCE31 0.17541393432999008
NCCE31 0.3733516267663801
ABDE4 0.35757298709300755
ABDE4 -1.0057533065410098
ABDE4 1.4270151590398683
ABDE4 -0.08931073117652488
AE17 0.7731113482382739
AE17 -0.701455078304889
AE17 -3.201633117196252
AE17 0.46339794870982587
AE17 0.6866134400061128
AE17 -0.6834461681464745
AE17 -1.6379083073770744
AE17 -3.3654545806202805
AE17 -4.902985995860945
AE17 -2.9214770151447738
AE17 -1.6539065237157047
AE17 -6.692832719520084
AE17 -3.5851537900452968
AE17 -0.9462671320070513
AE17 2.9902918065781705
AE17 0.45670609234366566
AE17 -0.7255018646246754
pTC13 1.2866579416790045
pTC13 1.6738581691141015
pTC13 1.9149103942734662
pTC13 -0.46613730833138334
pTC13 -0.2528933402238067
pTC13 0.2825235455750885
pTC13 0.9017730828037145
pTC13 2.076537405268766
pTC13 -0.7645983151605549
pTC13 0.5769339086342313
pTC13 1.8586808503046655
pTC13 2.941132826734105
pTC13 4.372796337150504
F Err =  19.232541179856618
