MGAE109 -0.9779562481748911
MGAE109 1.0188011620994075
MGAE109 -2.6629365296803087
MGAE109 -0.10147573210531391
MGAE109 2.3796888508298366
MGAE109 -1.3185383420728556
MGAE109 -4.835666377355523
MGAE109 -4.472983025803387
MGAE109 -4.042230131496325
MGAE109 -6.203634460176971
MGAE109 -3.6380652390388377
MGAE109 5.15830364983529
MGAE109 4.7627799135330235
MGAE109 6.038613296472477
MGAE109 9.198730576212995
MGAE109 4.431536198372498
MGAE109 6.150860750135024
MGAE109 2.143119908785451
MGAE109 0.08292824769159779
MGAE109 -0.7054527062002762
MGAE109 1.9645522008454464
MGAE109 2.0883234970638114
MGAE109 -13.804190446942243
MGAE109 -5.672136852306437
MGAE109 -5.371456102535603
MGAE109 -4.638266407120398
MGAE109 -3.8036252459150433
MGAE109 -3.0539949812437044
MGAE109 -9.23771635226555
MGAE109 -9.169963504647626
MGAE109 -8.979787236137781
MGAE109 -7.9235544335079595
MGAE109 -12.34986770439832
MGAE109 -10.275053740596633
MGAE109 -9.215443413104538
MGAE109 -4.431357891701623
MGAE109 -1.8583188996161368
MGAE109 0.833876735996455
MGAE109 -0.8226644471287727
MGAE109 -7.603709833262258
MGAE109 -3.9646731049776918
MGAE109 -4.545404848079201
MGAE109 -5.3101887093973374
MGAE109 -3.6294788521691217
MGAE109 12.951123816091581
MGAE109 0.9240554049634397
MGAE109 2.934961945216628
MGAE109 -6.626077780101923
MGAE109 -16.299345703383437
MGAE109 0.17262038112619393
MGAE109 -12.025428902753617
MGAE109 1.3201723525533566
MGAE109 -0.3710355408047121
MGAE109 -3.170998226553195
MGAE109 -4.933790966928882
MGAE109 0.7998445036769226
MGAE109 0.7015808220475037
MGAE109 2.490340286772721
MGAE109 1.1816037628379945
MGAE109 1.1277576303505157
MGAE109 1.1934755436866453
MGAE109 -1.1474142831145855
MGAE109 -4.171087435609081
MGAE109 -7.746900741299612
MGAE109 -10.586989523509942
MGAE109 -4.480122318963993
MGAE109 -3.9906458460737326
MGAE109 -3.603477049600315
MGAE109 -3.0405191276390724
MGAE109 -16.591053267701113
MGAE109 -4.044897997132523
MGAE109 -1.7980365640146374
MGAE109 -14.159032919330059
MGAE109 1.1105021016749248
MGAE109 -0.5614201805108792
MGAE109 -4.354726827738318
MGAE109 -8.259817929895917
MGAE109 -13.556090322252118
MGAE109 -2.561409104722543
MGAE109 1.4699177685542963
MGAE109 1.2269097824860182
MGAE109 -6.236431482317812
MGAE109 0.3809664199947065
MGAE109 6.936351387395462
MGAE109 2.0556940339022276
MGAE109 -9.122738811313184
MGAE109 -3.3449136760295914
MGAE109 1.476513841262772
MGAE109 -2.1162035079585166
MGAE109 0.2537269814411047
MGAE109 -3.1005440758412988
MGAE109 2.7449368773825427
MGAE109 3.2805150480219254
MGAE109 -8.382420785761155
MGAE109 -3.0039305026812144
MGAE109 5.2953648907499655
MGAE109 1.9149230228696297
MGAE109 1.8181670011393862
MGAE109 0.19527500422100275
MGAE109 0.8010943900530947
MGAE109 1.267976649127604
MGAE109 3.285617419979644
MGAE109 1.2488612822210143
MGAE109 7.882251214115513
MGAE109 2.4024726821285185
MGAE109 -3.5498250456823826
MGAE109 0.40507648254106243
MGAE109 -0.7784546756768123
MGAE109 -1.9889423117460865
IP13 1.3857438167958662
IP13 0.6050351118866786
IP13 1.7272857112553766
IP13 1.161774990786796
IP13 0.3452556165167948
IP13 -0.5887006564793182
IP13 2.6681166047256397
IP13 8.206018477337807
IP13 -2.7202848832938002
IP13 -0.5142041278537306
IP13 -0.2690050578501655
IP13 3.3385351624456234
IP13 -2.8129745948361347
EA13 1.221199207024764
EA13 0.6579818303324316
EA13 0.37044532855739476
EA13 0.7332008987921341
EA13 3.577249177359043
EA13 -7.076370016588768
EA13 -7.2379994212201595
EA13 -5.189065405426664
EA13 -0.23630522385239772
EA13 -0.5013440265494857
EA13 -0.32432011701748564
EA13 -0.9134908841224387
EA13 -1.2354272592184117
PA8 -0.34008990758448476
PA8 -0.9438971436582619
PA8 1.5859505974862316
PA8 -0.08750483085168526
PA8 0.6343461504206118
PA8 -0.4360227927856499
PA8 -1.3298130382550823
PA8 0.1759439565304035
DBH76 -2.2877109921420926
DBH76 -1.43013713818742
DBH76 0.9956927900853767
DBH76 -2.3062136402695153
DBH76 -0.971428598215061
DBH76 0.25923388304586226
DBH76 1.8555731455599016
DBH76 -2.676995766055917
DBH76 0.046188401244899424
DBH76 0.046188401244899424
DBH76 3.3614738460382796
DBH76 1.467386165805511
DBH76 -0.5093536414125992
DBH76 1.5788826938346032
DBH76 2.381064520527434
DBH76 -1.477696885215117
DBH76 -1.1941398044690867
DBH76 -5.782707145182165
DBH76 4.278266370992496
DBH76 -2.005128343438992
DBH76 0.262296501698438
DBH76 -0.026525948417837952
DBH76 -2.328887257950555
DBH76 2.723844975221146
DBH76 0.6432261286747689
DBH76 0.40052609012694873
DBH76 4.307774447551928
DBH76 0.11261606837855709
DBH76 -0.4727543550689006
DBH76 4.185538263141645
DBH76 2.021433208050439
DBH76 6.0059183203949935
DBH76 3.383612904626352
DBH76 1.4189391791165704
DBH76 1.6377327267655346
DBH76 -0.9007485046175141
DBH76 5.093148776498857
DBH76 5.093148776498857
DBH76 1.0844819691748135
DBH76 4.449219637860082
DBH76 -1.4349106744845628
DBH76 -1.4349106744845628
DBH76 1.046696020057425
DBH76 1.046696020057425
DBH76 1.8271285009587892
DBH76 -3.2621651729418986
DBH76 -2.3694237024278846
DBH76 3.3375647991371835
DBH76 -2.079228534905706
DBH76 2.771478752114348
DBH76 0.07638588556787002
DBH76 0.07638588556787002
DBH76 2.0933459601993665
DBH76 2.0933459601993665
DBH76 -1.2349471044959501
DBH76 -1.2349471044959501
DBH76 -0.45920488840434714
DBH76 -0.45920488840434714
DBH76 -2.6571519168000677
DBH76 4.005516843216029
DBH76 -0.8191490060393698
DBH76 4.573078203289768
DBH76 0.49910319639951917
DBH76 0.7801850970461963
DBH76 2.6442712283669962
DBH76 0.4576764821365913
DBH76 0.1779130770161288
DBH76 1.2033110649650922
DBH76 -0.38505874050490085
DBH76 0.525843514602748
DBH76 0.3169659723219229
DBH76 -1.056668523553526
DBH76 0.2845358775797653
DBH76 -1.6295715049188573
DBH76 0.4485258128694838
DBH76 2.5458659493012235
NCCE31 0.057390731913619764
NCCE31 0.5137398567091438
NCCE31 0.45605292623920857
NCCE31 0.257600058033713
NCCE31 -0.5765414751344355
NCCE31 0.1776784604531727
NCCE31 -0.38947093955590395
NCCE31 -0.4436646684794687
NCCE31 0.4315355496341362
NCCE31 0.24279551660641996
NCCE31 0.0070866581564770215
NCCE31 0.5445547938439992
NCCE31 -0.36826857645530175
NCCE31 -0.3361173375998623
NCCE31 -0.33589559035841354
NCCE31 -0.37797857858240613
NCCE31 -0.25050700707361084
NCCE31 -0.09925001502037034
NCCE31 0.11584774442948387
NCCE31 0.07835436525871045
NCCE31 0.04022619395749644
NCCE31 0.08007918328978121
NCCE31 0.01593975315801799
NCCE31 -0.002326063999789768
NCCE31 0.055444804894505095
NCCE31 -0.23642275449470618
NCCE31 -0.2039851446059766
NCCE31 0.1728265262773494
NCCE31 -0.5710387647873723
NCCE31 0.9023644706374032
NCCE31 0.2528044042107651
ABDE4 2.0141550899710268
ABDE4 -0.2866839308553608
ABDE4 0.5632314417825484
ABDE4 -1.206989634394418
AE17 1.9941368916058195
AE17 1.19915017063272
AE17 -1.291310508467177
AE17 4.280898020875611
AE17 3.1293350318173907
AE17 3.033316175955406
AE17 1.6251371258767904
AE17 0.7237273300852394
AE17 1.179256740033452
AE17 1.2154386510810582
AE17 -3.2866577988606878
AE17 -4.280061180019402
AE17 -3.385827035497641
AE17 -1.0833420983399265
AE17 2.076827863988001
AE17 2.045392523519695
AE17 0.6688752510817721
pTC13 2.381210892656236
pTC13 2.679248445111444
pTC13 2.846373982884689
pTC13 0.6552107805304672
pTC13 1.695038113027124
pTC13 3.025224792560323
pTC13 4.013693155937375
pTC13 5.424851187982142
pTC13 1.6394096651193024
pTC13 3.2382967881945603
pTC13 4.797208911945347
pTC13 6.084905079947788
pTC13 7.631381055894309
F Err =  21.813757972459335
