MGAE109 -1.4146581394820572
MGAE109 1.0321308233942545
MGAE109 -3.5669462045306943
MGAE109 -1.1501201763011295
MGAE109 1.0541519204383007
MGAE109 -1.119291115975642
MGAE109 -4.486258883898557
MGAE109 -3.9924045821494474
MGAE109 -3.4784910644072795
MGAE109 -5.112862607817505
MGAE109 -2.762762114917564
MGAE109 3.935033197515878
MGAE109 4.581412415176175
MGAE109 4.279341742522092
MGAE109 5.537993249465956
MGAE109 3.5419423721730823
MGAE109 4.740665602632788
MGAE109 2.5332967495522496
MGAE109 0.9347561887116171
MGAE109 0.8626869491552043
MGAE109 1.6475667300569512
MGAE109 0.1594181639843555
MGAE109 -7.2980415493215105
MGAE109 -1.8544790583979989
MGAE109 -1.3169650540605744
MGAE109 -0.8651108319242553
MGAE109 -1.0895288579649218
MGAE109 -2.797395345586665
MGAE109 -3.64071035565982
MGAE109 -7.172895860736048
MGAE109 -2.8267010016861605
MGAE109 -0.8507143063453242
MGAE109 -7.67828583323103
MGAE109 -3.8784755143435916
MGAE109 -1.9805408489448268
MGAE109 -2.4490253985230765
MGAE109 -0.23777553774183957
MGAE109 3.81034749338869
MGAE109 1.992344674654305
MGAE109 -5.9718600994697795
MGAE109 0.21681306482992113
MGAE109 -0.4315989641076925
MGAE109 -0.8085264666471659
MGAE109 -0.04525777274742637
MGAE109 7.2427624943805995
MGAE109 1.1758140452462271
MGAE109 2.8190718420571557
MGAE109 -3.1595411468390466
MGAE109 -8.423804711487605
MGAE109 0.820167711251429
MGAE109 -9.757793062936969
MGAE109 4.030219183373276
MGAE109 -0.9973184271447622
MGAE109 4.166299940152101
MGAE109 2.1358781153662676
MGAE109 1.978480398303418
MGAE109 4.136224101255607
MGAE109 5.552896953735058
MGAE109 3.986583317317354
MGAE109 1.5735284773068088
MGAE109 1.9510536921204675
MGAE109 2.0119199335888425
MGAE109 -0.45366777233226685
MGAE109 -2.6117121626716084
MGAE109 -2.6176425501633958
MGAE109 -0.6592643128312261
MGAE109 -3.1344369004346504
MGAE109 -0.325546004368789
MGAE109 -3.2464877493425774
MGAE109 -6.788816165201183
MGAE109 -0.19358357224615474
MGAE109 0.9294048170954738
MGAE109 -4.673159949018157
MGAE109 0.6437086278730391
MGAE109 0.1469802942921774
MGAE109 -0.961573914397718
MGAE109 -3.6714787710382097
MGAE109 -3.4479245942365253
MGAE109 -2.130822758064596
MGAE109 1.5962854315293953
MGAE109 2.637097463691589
MGAE109 -8.316538862837433
MGAE109 -1.1652211907854735
MGAE109 8.998199327308157
MGAE109 3.45323894404396
MGAE109 -2.517581072819894
MGAE109 -1.0681027445657492
MGAE109 4.06441004561259
MGAE109 -2.302955232208433
MGAE109 -0.5187959457771285
MGAE109 -3.49876343088863
MGAE109 4.449874409722952
MGAE109 5.589227665079534
MGAE109 -4.640044404520836
MGAE109 -1.4468640445056735
MGAE109 5.0362842555117595
MGAE109 1.1122455553605732
MGAE109 -0.7632806047046188
MGAE109 -1.2656789310321983
MGAE109 -2.7003079937189796
MGAE109 -2.0015583466954467
MGAE109 2.219476573834072
MGAE109 -0.2576886868762358
MGAE109 9.466504917985276
MGAE109 3.378579344228001
MGAE109 -0.25910126660369315
MGAE109 -1.5553517136536357
MGAE109 -3.297243907381244
MGAE109 2.78145192407419
IP13 0.661727143300368
IP13 0.051925929783607216
IP13 1.7036106222227545
IP13 1.289413366813676
IP13 -0.8741931714583302
IP13 -0.5034644132159656
IP13 2.481229342511199
IP13 5.006945514172571
IP13 -2.276564805256214
IP13 0.1342901800002494
IP13 0.38049423099727164
IP13 2.5707328963908367
IP13 -2.957051296817383
EA13 2.3706088443928444
EA13 0.8125970565632485
EA13 0.8353633038606461
EA13 1.3106417203578218
EA13 2.6875897698104367
EA13 -4.978868534734644
EA13 -5.545135361429423
EA13 -5.709857768987423
EA13 -0.5151019114872923
EA13 -0.5170239161117927
EA13 -0.08252512635080933
EA13 -1.2562961659859866
EA13 -0.7526533040055057
PA8 -0.38101019493333865
PA8 -1.0243194582843103
PA8 2.2542614343532534
PA8 0.6537059531547129
PA8 -0.7791144105372894
PA8 -0.6183385376818364
PA8 -0.8837714549968894
PA8 0.3788332964789731
DBH76 -1.9189206646871755
DBH76 -2.3799682255624797
DBH76 -0.4829937593553044
DBH76 -2.79107393064022
DBH76 -1.473841046082816
DBH76 -0.053277577214419836
DBH76 -0.24315617927277344
DBH76 -3.9717998194260886
DBH76 -0.2749280994544616
DBH76 -0.2749280994544616
DBH76 0.682443924692052
DBH76 -0.8157819204745458
DBH76 -1.071099893898645
DBH76 -0.11158398585626816
DBH76 -0.08008730052388291
DBH76 -3.0290981987040126
DBH76 -2.999492204782582
DBH76 -6.2459629475748315
DBH76 2.2178246191809006
DBH76 -3.2249385419694594
DBH76 -0.14688232493936093
DBH76 -0.3818969275627744
DBH76 -3.1557256629384938
DBH76 0.8664740293414805
DBH76 0.23646062622884756
DBH76 -0.7368420639156845
DBH76 1.510025215691421
DBH76 -2.973222037442028
DBH76 -1.5706778467138065
DBH76 2.6605620179485427
DBH76 0.6915213046886493
DBH76 4.143128427381452
DBH76 1.467619720076618
DBH76 0.016834667063086783
DBH76 0.04490815549434046
DBH76 -2.0855096394923756
DBH76 4.1398078458092655
DBH76 4.1398078458092655
DBH76 0.2050899504730488
DBH76 -2.132348459166238
DBH76 -3.6202961584346482
DBH76 -3.6202961584346482
DBH76 0.3781202287063934
DBH76 0.3781202287063934
DBH76 -0.5731636058870926
DBH76 -5.822148740142005
DBH76 -3.0906730862148106
DBH76 -2.9049596867887857
DBH76 -4.057178942679894
DBH76 -1.7556981506315026
DBH76 -0.8058181297057307
DBH76 -0.8058181297057307
DBH76 1.0136174232221666
DBH76 1.0136174232221666
DBH76 -0.6811123318271712
DBH76 -0.6811123318271712
DBH76 0.03630601129028932
DBH76 0.03630601129028932
DBH76 -2.2034579656110154
DBH76 2.6027983377140487
DBH76 -0.4939267378044314
DBH76 3.0714979193126766
DBH76 -0.30780570392613305
DBH76 -0.24927007858437733
DBH76 1.6055117123678784
DBH76 -0.33236085500102774
DBH76 -0.21230896613211314
DBH76 0.16352378613431995
DBH76 -0.4925882350379833
DBH76 0.13743343936977936
DBH76 0.8905133390010451
DBH76 -1.7144683719452587
DBH76 0.8369374195302957
DBH76 -1.7982180530513858
DBH76 -0.4039504428440708
DBH76 1.3699107832941806
NCCE31 -0.09024234116659491
NCCE31 0.35820778134046094
NCCE31 0.31083085856633286
NCCE31 0.17351208300155108
NCCE31 -0.7271493095881301
NCCE31 -0.030899374780709365
NCCE31 0.04601855869754212
NCCE31 0.172563095371006
NCCE31 0.4219520423188805
NCCE31 -0.010917296938132814
NCCE31 0.22525958810467284
NCCE31 0.5569384025153701
NCCE31 -0.10338076798245233
NCCE31 -0.4612541015050373
NCCE31 -0.41923615591600516
NCCE31 -0.37018896827939907
NCCE31 -0.31355213986244035
NCCE31 -0.3127173834107815
NCCE31 0.2119433147925882
NCCE31 0.04042158962052781
NCCE31 -0.017019858935382215
NCCE31 0.0750012004445307
NCCE31 0.0040870333369821266
NCCE31 0.024211599099799058
NCCE31 0.2613616298197303
NCCE31 -0.1924706002007588
NCCE31 -0.3110614001814975
NCCE31 0.12897087572317112
NCCE31 -0.2831773445382715
NCCE31 0.4751052542612886
NCCE31 0.3483526142942721
ABDE4 2.205179511874448
ABDE4 -0.644437700335402
ABDE4 0.41201672089751185
ABDE4 -2.0693583098670985
AE17 1.6983952474602688
AE17 0.6911309396559773
AE17 -1.9089800198325975
AE17 3.1208001715222053
AE17 2.4833280260208994
AE17 2.378410134555452
AE17 1.042114859985304
AE17 -0.03267863662040327
AE17 0.45560775489138905
AE17 0.6440404526219936
AE17 -3.4259841984458035
AE17 -4.01433194387937
AE17 -2.5906409077288117
AE17 -0.3571761184139177
AE17 2.147775843681302
AE17 2.345999178738566
AE17 0.7477533162455074
pTC13 2.780309324391419
pTC13 3.9487746286729823
pTC13 4.879526590154274
pTC13 0.6503711384552275
pTC13 0.8804545865539808
pTC13 2.2958604542002945
pTC13 3.4035004001762843
pTC13 4.936392880143842
pTC13 0.9690592828256115
pTC13 2.6855472859111558
pTC13 4.3455394748330605
pTC13 5.774304700640499
pTC13 7.462475347653964
F Err =  19.55891385131244
