MGAE109 -1.2105561548746522
MGAE109 1.9851121548490482
MGAE109 -4.033124371807361
MGAE109 -0.46651546240798325
MGAE109 1.7626905394720893
MGAE109 -0.8452998258304376
MGAE109 -5.105228644188031
MGAE109 -4.798372900582308
MGAE109 -4.733829504583554
MGAE109 -6.983391498183181
MGAE109 -3.694363716861403
MGAE109 3.6824286726198636
MGAE109 5.00545258800733
MGAE109 5.096032244599201
MGAE109 6.955689135455771
MGAE109 3.537520552647777
MGAE109 4.742258695060144
MGAE109 1.3789333238126744
MGAE109 -0.07537150144344196
MGAE109 -0.03574829541435065
MGAE109 2.0117520629451064
MGAE109 1.3374499526139516
MGAE109 -11.504902638159706
MGAE109 -4.238848587905238
MGAE109 -4.717349075241373
MGAE109 -3.819847644983099
MGAE109 -3.6166783135867604
MGAE109 -3.8986174954688977
MGAE109 -7.037548501194095
MGAE109 -9.054688094207108
MGAE109 -7.370727754532709
MGAE109 -6.810534851827541
MGAE109 -12.854231198333991
MGAE109 -8.692151920943871
MGAE109 -8.598646806433123
MGAE109 -5.055527890969529
MGAE109 -3.262800979635216
MGAE109 0.6844547656946816
MGAE109 -0.13561288744676858
MGAE109 -8.885016006216176
MGAE109 -3.8133333232742643
MGAE109 -4.052377314441841
MGAE109 -4.713220647233541
MGAE109 -2.332865632509346
MGAE109 8.870695235512699
MGAE109 0.68697267852491
MGAE109 2.079880995724807
MGAE109 -6.466865357719371
MGAE109 -15.747190534772812
MGAE109 -2.437837990568937
MGAE109 -12.130504227697372
MGAE109 0.5920052123954633
MGAE109 -1.4540282903844286
MGAE109 -1.1154416263382814
MGAE109 -2.5289079031231267
MGAE109 1.3824435879191697
MGAE109 2.6264647289225422
MGAE109 4.0783047595410835
MGAE109 3.873890225972218
MGAE109 1.6771930768113634
MGAE109 1.7043719904957015
MGAE109 1.1507587665539631
MGAE109 -2.07051037279831
MGAE109 -7.080685114776713
MGAE109 -8.074824998578947
MGAE109 -3.598635317299056
MGAE109 -4.458767749702076
MGAE109 -2.3458982312108674
MGAE109 -3.4030673240436045
MGAE109 -14.911976588650191
MGAE109 -3.608794199149145
MGAE109 -1.0417791783297616
MGAE109 -11.159685121502264
MGAE109 0.923156968580102
MGAE109 0.01947788049818655
MGAE109 -4.473625608230918
MGAE109 -8.330634245431838
MGAE109 -11.14908866239594
MGAE109 -2.8564512241771354
MGAE109 0.9323927811637986
MGAE109 -0.896749640600774
MGAE109 -7.705100400152105
MGAE109 -0.22151250971330683
MGAE109 9.150475514482878
MGAE109 3.8322916646004614
MGAE109 -8.394289988713581
MGAE109 -3.4029618196923366
MGAE109 2.351523253572509
MGAE109 -3.0182101810466975
MGAE109 -0.7107206737355227
MGAE109 -4.1549342537286975
MGAE109 3.6399449460598134
MGAE109 4.921669049488855
MGAE109 -8.758657999663797
MGAE109 -3.319529186607724
MGAE109 5.936363539127683
MGAE109 1.8254946500866254
MGAE109 0.8858510204730692
MGAE109 -0.9840940556650821
MGAE109 -0.40173259561424857
MGAE109 0.14087697651871167
MGAE109 3.8685574333021577
MGAE109 0.9800217708846048
MGAE109 9.928052675222261
MGAE109 4.035725622618429
MGAE109 -2.9736495417839706
MGAE109 -0.40254295664954043
MGAE109 -1.76415688025304
MGAE109 -1.1377784736728245
IP13 1.0747153625104602
IP13 0.44193641442339526
IP13 1.404638149266816
IP13 0.9059465027507372
IP13 0.08411114993504043
IP13 -1.0491118929988943
IP13 3.5268827478049047
IP13 7.240192253064038
IP13 -2.427732468681654
IP13 0.41488789642463075
IP13 0.9017412356799355
IP13 3.4811771707609296
IP13 -2.710342544666503
EA13 1.9872656578978045
EA13 0.2970003127446432
EA13 0.38140942167606795
EA13 0.6213934189779735
EA13 3.0641219804296256
EA13 -6.257531855608974
EA13 -7.220141924084167
EA13 -5.216004758648342
EA13 -0.42384803768247536
EA13 -0.9468834857281756
EA13 -0.45236163752851866
EA13 -0.8727048769942485
EA13 -1.0229407766438072
PA8 -0.3911452800151949
PA8 -1.2312203853187498
PA8 1.3026642704629978
PA8 0.13996820253669284
PA8 -0.20201228765071733
PA8 -0.7583651767519655
PA8 -1.3792828976525868
PA8 0.4527624393793701
DBH76 -2.229273433960043
DBH76 -1.400744963975158
DBH76 0.9693813591768272
DBH76 -2.233337603002962
DBH76 -0.7173136357623431
DBH76 0.44873539753758607
DBH76 1.7832478491109214
DBH76 -2.5855201463688005
DBH76 -0.13505059756008642
DBH76 -0.13505059756008642
DBH76 3.456434555526357
DBH76 1.5300168183210197
DBH76 -0.14368681678679418
DBH76 1.85089068655856
DBH76 2.2251381460635455
DBH76 -1.573386309863416
DBH76 -1.3858035555743253
DBH76 -5.843324241015885
DBH76 4.755820324696542
DBH76 -1.9672151817670969
DBH76 -0.03349901126930499
DBH76 0.004919814917958121
DBH76 -2.605079141234455
DBH76 2.9519073319269236
DBH76 0.40845061509031666
DBH76 0.20506704101920903
DBH76 4.788350567927118
DBH76 0.059892564823385896
DBH76 -0.1718099477366195
DBH76 4.977324872504688
DBH76 2.177831487126241
DBH76 6.756722767811151
DBH76 3.566046219851705
DBH76 1.6939395011300817
DBH76 1.884598741249647
DBH76 -0.45775151702473593
DBH76 5.347513000940673
DBH76 5.347513000940673
DBH76 0.6941039099229975
DBH76 2.804900780688044
DBH76 -2.5711810761128433
DBH76 -2.5711810761128433
DBH76 0.6693863804684952
DBH76 0.6693863804684952
DBH76 0.9093949979770706
DBH76 -4.5613350071357885
DBH76 -2.656606075830059
DBH76 1.4111821282451302
DBH76 -2.2267820987803866
DBH76 1.6524498219694976
DBH76 -0.18290696825366465
DBH76 -0.18290696825366465
DBH76 1.9381672387581776
DBH76 1.9381672387581776
DBH76 -0.5227810234879144
DBH76 -0.5227810234879144
DBH76 0.1987742662057279
DBH76 0.1987742662057279
DBH76 -2.0372255236515784
DBH76 3.742426700555953
DBH76 -0.2646776002924889
DBH76 4.30892708762083
DBH76 0.24556287312356284
DBH76 0.5630752540563115
DBH76 2.4667042362189378
DBH76 0.18443712086882158
DBH76 0.23127257886575592
DBH76 0.7021158592402941
DBH76 -0.8043218313850229
DBH76 0.2701606047124372
DBH76 0.1149507896564319
DBH76 -1.9084292959523736
DBH76 0.8421136934397513
DBH76 -1.4779321464145312
DBH76 0.6070868389721724
DBH76 2.430253562335274
NCCE31 0.029733162658521994
NCCE31 0.4651645728806031
NCCE31 0.44318671547924193
NCCE31 0.27813937641971265
NCCE31 -0.5409660412964872
NCCE31 0.20184733150527023
NCCE31 -0.3623285647213925
NCCE31 -0.33805582308792514
NCCE31 0.529378505886998
NCCE31 0.23173973131692005
NCCE31 0.05886203796137135
NCCE31 0.6208671945938837
NCCE31 -0.3350753246387459
NCCE31 -0.4037727828510105
NCCE31 -0.39104985177051255
NCCE31 -0.4146422061836348
NCCE31 -0.3278265541419385
NCCE31 -0.18915682277642176
NCCE31 0.0526887344056739
NCCE31 0.1860689943068428
NCCE31 0.1343682002602145
NCCE31 0.1987294778972864
NCCE31 0.11317910202080383
NCCE31 0.11284013193042483
NCCE31 0.1125557243661024
NCCE31 -0.2926776685542427
NCCE31 -0.2688307470997098
NCCE31 -0.04344017031136893
NCCE31 -0.5587714150920511
NCCE31 0.9436495096795259
NCCE31 0.3156694479100408
ABDE4 1.9826379053405248
ABDE4 -0.3110784864984453
ABDE4 0.6978546483232577
ABDE4 -1.1279102964815735
AE17 1.8484525610041374
AE17 1.380303272411993
AE17 -1.662593734569782
AE17 4.184323167375624
AE17 2.2889441003680986
AE17 1.9578198314884503
AE17 0.17550378782470943
AE17 -1.4450608019105857
AE17 -0.11201469389925478
AE17 0.49223993535269983
AE17 -3.071448204573244
AE17 -2.8834953335754108
AE17 -2.330277359462343
AE17 -0.36380862817168236
AE17 2.239835411455715
AE17 2.0516834030568134
AE17 0.7848782811779529
pTC13 2.677440871854196
pTC13 3.1559946819877958
pTC13 3.4430748899292674
pTC13 0.04773223951400496
pTC13 0.04197858459957615
pTC13 1.3767546367819818
pTC13 2.395523676545139
pTC13 3.8353772701928506
pTC13 1.3000096330133886
pTC13 2.6922115243010865
pTC13 4.128498389038725
pTC13 5.351651221662763
pTC13 6.857917742193678
F Err =  20.65550351327715
