MGAE109 -1.23765195822169
MGAE109 2.941796821578464
MGAE109 -4.362796833619512
MGAE109 -2.092893796291605
MGAE109 -2.602506456976414
MGAE109 -0.7679183234591562
MGAE109 -4.730043013125254
MGAE109 -4.55954714342397
MGAE109 -3.1067600308949466
MGAE109 -4.595695140812012
MGAE109 -2.284238953677118
MGAE109 0.8633349271852069
MGAE109 4.714841345393808
MGAE109 0.0437407660158442
MGAE109 -4.063215301476873
MGAE109 3.0486603571160344
MGAE109 0.9772394048818285
MGAE109 -0.650902162448034
MGAE109 -0.7848702181363478
MGAE109 0.04950738197544524
MGAE109 -0.5014413876974686
MGAE109 -3.413689895362495
MGAE109 -7.123063094229451
MGAE109 -2.4306144116850987
MGAE109 -2.460066138674165
MGAE109 -2.2082630746951395
MGAE109 -2.6660372865316617
MGAE109 -3.729841227853285
MGAE109 -4.086002539687314
MGAE109 -5.545657698699529
MGAE109 -3.2699998926836997
MGAE109 -1.004366493491105
MGAE109 -5.718909218370072
MGAE109 -3.6560597712389438
MGAE109 -4.1635661706934
MGAE109 -1.5273350777523547
MGAE109 3.178697275780138
MGAE109 2.087175679509528
MGAE109 1.9554969331948087
MGAE109 -5.643957736991581
MGAE109 -0.9644612228055394
MGAE109 -1.6174404097441624
MGAE109 -1.0369034096249408
MGAE109 0.7982404831936591
MGAE109 -6.842177344355719
MGAE109 -0.9660461882571667
MGAE109 0.03088746015214383
MGAE109 -1.9126075290935205
MGAE109 -11.243351570442314
MGAE109 -5.065681210472235
MGAE109 -9.712277882953629
MGAE109 2.521480590756994
MGAE109 -0.5584834775153809
MGAE109 7.232558318944655
MGAE109 3.5643371355813542
MGAE109 0.7690404841100644
MGAE109 4.166214245824335
MGAE109 6.084531154099409
MGAE109 5.373549440475699
MGAE109 0.3493792726326319
MGAE109 0.4730251319904255
MGAE109 4.567927179086155
MGAE109 2.204757171113158
MGAE109 0.6592151151876919
MGAE109 -1.574080169449985
MGAE109 -0.2828100686380708
MGAE109 -2.7550614140473613
MGAE109 -1.5212223975063353
MGAE109 -4.1980774042190205
MGAE109 -6.755485807887794
MGAE109 0.9971889204252307
MGAE109 0.6966991961921849
MGAE109 -2.6290736584947467
MGAE109 -0.3800560450463166
MGAE109 0.15053088582880036
MGAE109 -2.722689772001445
MGAE109 -3.7643802104296356
MGAE109 -1.8430648264638023
MGAE109 -2.448600965309879
MGAE109 0.6290728783642408
MGAE109 -3.782583875367436
MGAE109 -9.362799981911621
MGAE109 -2.8161923446456285
MGAE109 5.4633371258364605
MGAE109 1.1042659007810016
MGAE109 -3.343030071273688
MGAE109 -3.2122902394307857
MGAE109 1.265808794749887
MGAE109 -4.468642437507469
MGAE109 -2.9463587766013006
MGAE109 -4.700067265988309
MGAE109 3.5637591748247814
MGAE109 3.578120835076561
MGAE109 -5.155540853396474
MGAE109 -3.7527793260460385
MGAE109 2.158999677595034
MGAE109 -1.1323659555881704
MGAE109 -4.185679998656838
MGAE109 -3.9345400248175793
MGAE109 -5.848013604676908
MGAE109 -5.2341871203459505
MGAE109 -0.7119065067136034
MGAE109 -2.4295287169941275
MGAE109 7.043710796347568
MGAE109 5.230824889213636
MGAE109 -2.1726089630049046
MGAE109 -3.703100296911998
MGAE109 -5.790470252951536
MGAE109 1.3883286414452414
IP13 2.3444757077174927
IP13 1.4665091178577825
IP13 0.6727212146075772
IP13 0.19348215491976362
IP13 -0.7619707405800114
IP13 2.0309266136843007
IP13 2.926547845954758
IP13 8.481103425534116
IP13 -4.852474189142242
IP13 -0.9138450255501027
IP13 -0.13904873620487024
IP13 1.9633572156890295
IP13 -3.902711005514732
EA13 1.7565223006445727
EA13 1.0886783054482692
EA13 0.3673629626247532
EA13 0.27281581743388017
EA13 1.1110494131920845
EA13 -4.258511212869777
EA13 -4.382009276323082
EA13 -3.101497438762454
EA13 2.1484988886641787
EA13 -0.13422113521955836
EA13 -0.5512281995965154
EA13 0.19436556188156828
EA13 -2.783577457548816
PA8 -1.4102540446241676
PA8 -1.5337671001951207
PA8 1.260765976416593
PA8 2.2837036695564166
PA8 -0.765321134583786
PA8 -0.9460549451643487
PA8 -0.5057712980429585
PA8 -0.4168332918658564
DBH76 -1.4241251136874782
DBH76 -1.1893109406367879
DBH76 0.3117065841127893
DBH76 -0.8271724807586445
DBH76 -0.16862236566234934
DBH76 -0.43817898130150823
DBH76 -1.1864736660863855
DBH76 -2.055796115318664
DBH76 0.44593200030331026
DBH76 0.44593200030331026
DBH76 0.18544652976561338
DBH76 -0.8439844498527229
DBH76 -0.6216160127762123
DBH76 -0.6563584553683173
DBH76 -0.5021093719944476
DBH76 -1.3835469312019981
DBH76 -1.2697477781304496
DBH76 -3.013930686761931
DBH76 0.014743256223736623
DBH76 -2.3424041139864133
DBH76 -0.6698771395545919
DBH76 1.3414877675939358
DBH76 -2.6220741526340134
DBH76 0.004629833218933399
DBH76 -0.25985667754071073
DBH76 -0.039937681771117894
DBH76 -0.03623419912066339
DBH76 -2.428124011915642
DBH76 -1.3019566251241486
DBH76 0.8105554038571441
DBH76 0.27490391203173203
DBH76 2.3995310509882977
DBH76 -0.09044653204764508
DBH76 0.05754688836314159
DBH76 -1.6646702472353354
DBH76 -1.404561716849276
DBH76 1.4866297690983643
DBH76 1.4866297690983643
DBH76 -0.6672833179135331
DBH76 -1.3587369127885864
DBH76 -4.602041941390489
DBH76 -4.602041941390489
DBH76 -0.7088216060656123
DBH76 -0.7088216060656123
DBH76 -0.9335450735042095
DBH76 -4.6732939459502845
DBH76 -1.5711796210048488
DBH76 -1.1293588034430257
DBH76 -1.9869791488349442
DBH76 -1.55970971329603
DBH76 -0.5280153501481981
DBH76 -0.5280153501481981
DBH76 1.2079667559347573
DBH76 1.2079667559347573
DBH76 -0.18975394669687384
DBH76 -0.18975394669687384
DBH76 0.5311491646897046
DBH76 0.5311491646897046
DBH76 -0.9998126408108519
DBH76 2.386354403541773
DBH76 0.06474722776561981
DBH76 3.1295895582716895
DBH76 -0.669570372485905
DBH76 -0.11144539523607833
DBH76 1.303057201402261
DBH76 1.5880951549450373
DBH76 -0.6852814405859675
DBH76 0.2462226786452817
DBH76 -0.5309332230844301
DBH76 -0.09817507702216943
DBH76 0.7912320678599645
DBH76 -1.3142625959371799
DBH76 1.1573734841571426
DBH76 0.19428419080330173
DBH76 -1.5326879767238282
DBH76 0.3729584114550377
NCCE31 0.03724841623043185
NCCE31 0.3141058329562654
NCCE31 0.36379372264607834
NCCE31 0.20918808378686649
NCCE31 -0.4519705385295669
NCCE31 0.20307146891136796
NCCE31 -0.02314818385872064
NCCE31 -0.07743695946061058
NCCE31 0.2565413100505247
NCCE31 -0.20903970523737403
NCCE31 -0.16489116299897422
NCCE31 0.1859496075636704
NCCE31 -0.32354878646321517
NCCE31 -0.2669233568850904
NCCE31 -0.25778869561851003
NCCE31 -0.23978121429681787
NCCE31 -0.19580051496159268
NCCE31 -0.04775207283440963
NCCE31 0.43497464296873645
NCCE31 0.01289298214484006
NCCE31 -0.03549379669362679
NCCE31 0.023207652253331615
NCCE31 -0.01951637531863526
NCCE31 -0.024111411052872428
NCCE31 0.1432939539384097
NCCE31 -0.2185079770840821
NCCE31 -0.06404544486198582
NCCE31 0.13187276848300833
NCCE31 -0.34340762789594015
NCCE31 0.19840532534522914
NCCE31 0.19782189160352592
ABDE4 0.557933364011987
ABDE4 -0.6234043360600481
ABDE4 1.0839773258566794
ABDE4 -0.5006588061712733
AE17 1.181402452650616
AE17 -0.50064007957576
AE17 -2.2337070046669396
AE17 2.2116745425846602
AE17 2.282188857689107
AE17 1.1347063946996059
AE17 -0.2591051014023833
AE17 -1.0314367924584076
AE17 -0.041049128281883895
AE17 0.769223521114327
AE17 -0.15829881341778673
AE17 -4.0294496130081825
AE17 -2.5148903262452222
AE17 -0.25799663667567074
AE17 3.8753708415606525
AE17 1.2358584901085123
AE17 -0.520338079018984
pTC13 3.0423056445055408
pTC13 4.216868519270793
pTC13 5.02514434211189
pTC13 -0.06010466484673316
pTC13 -1.5483152928674713
pTC13 -0.7010564479348318
pTC13 0.06861058012700028
pTC13 1.3561569035926482
pTC13 0.15498980334726298
pTC13 1.337655019765947
pTC13 2.6453416401660093
pTC13 3.8112502120237366
pTC13 5.2770282707945455
F Err =  16.770383579079787
