MGAE109 -4.197870626165681
MGAE109 2.155786749757681
MGAE109 -4.877671922212329
MGAE109 -0.49766430640272574
MGAE109 -0.43283692778248906
MGAE109 -3.943421448451403
MGAE109 -4.554957944976053
MGAE109 -3.5824447903173677
MGAE109 -0.08820129684201561
MGAE109 0.19324921354885305
MGAE109 -0.037793282764027936
MGAE109 -4.551429164943983
MGAE109 2.4790363986499244
MGAE109 -5.058250569059737
MGAE109 -11.470463647670101
MGAE109 -0.5493899782188123
MGAE109 -3.2136829908518223
MGAE109 1.3707756887632456
MGAE109 1.5564880754682235
MGAE109 1.1854513040295842
MGAE109 2.815230869239258
MGAE109 2.6901426348590576
MGAE109 -5.97514540483769
MGAE109 -3.796827606609156
MGAE109 0.9884223810420281
MGAE109 4.704128585836145
MGAE109 3.5321414376504094
MGAE109 2.693546203147889
MGAE109 -8.398074733082893
MGAE109 -3.8324872162862675
MGAE109 0.31314281234517694
MGAE109 10.874227445865401
MGAE109 3.3099209373601752
MGAE109 0.9218764723325137
MGAE109 12.71250583825514
MGAE109 -0.1966475939797192
MGAE109 -0.738173027322631
MGAE109 8.612419881334063
MGAE109 4.995594970649108
MGAE109 -4.960253561558204
MGAE109 1.8894038071250634
MGAE109 5.729456312004473
MGAE109 5.4927822825382435
MGAE109 2.3946514322678567
MGAE109 -14.136559697785401
MGAE109 3.640587190226654
MGAE109 5.260720956188152
MGAE109 3.3007621141639447
MGAE109 4.659901814889167
MGAE109 2.3646322401613133
MGAE109 -8.935157746938046
MGAE109 15.197920009912934
MGAE109 6.208020504090257
MGAE109 24.04146031739191
MGAE109 21.6591395174014
MGAE109 6.792148662641466
MGAE109 21.45536875883579
MGAE109 23.513999426993564
MGAE109 19.103322847360914
MGAE109 10.278761111152107
MGAE109 11.106175661543375
MGAE109 21.801614479466707
MGAE109 3.2331671289916244
MGAE109 14.934059784458952
MGAE109 12.862978843373753
MGAE109 15.167676375939038
MGAE109 4.448447165124833
MGAE109 2.1844336887193094
MGAE109 -0.8286580646986295
MGAE109 12.672380656709379
MGAE109 12.215947020254077
MGAE109 10.700039199592993
MGAE109 9.590912516866808
MGAE109 -4.749628006191742
MGAE109 4.227092744488061
MGAE109 11.247046001191507
MGAE109 9.957605666945483
MGAE109 10.11980918938761
MGAE109 -2.9169515289156607
MGAE109 1.6736012914043386
MGAE109 6.691913580037635
MGAE109 -10.00444841019339
MGAE109 3.8876657896329334
MGAE109 17.967751942863742
MGAE109 14.506958226994584
MGAE109 12.882122302855123
MGAE109 8.560803990231307
MGAE109 10.687231326243477
MGAE109 5.988466613928949
MGAE109 4.792602373177033
MGAE109 6.065168454970717
MGAE109 9.992325601809398
MGAE109 10.664259189196173
MGAE109 13.604925205516679
MGAE109 12.675664248446083
MGAE109 11.285626396675411
MGAE109 6.711430013446375
MGAE109 5.736424595553558
MGAE109 8.142090351476327
MGAE109 7.4804144109307344
MGAE109 8.46583298587234
MGAE109 14.379276256989215
MGAE109 9.482098844471011
MGAE109 24.13758260871282
MGAE109 25.647829040163288
MGAE109 9.790821692751479
MGAE109 7.948485102697759
MGAE109 10.33853334083392
MGAE109 13.19958938526861
IP13 3.8141856011804975
IP13 -3.7677698579826426
IP13 -2.275730309876394
IP13 -2.5941629991889954
IP13 -6.702558353147481
IP13 -1.2920022978854604
IP13 -5.53897636367941
IP13 3.2556554369162995
IP13 -2.863935447367851
IP13 -1.1720116925367563
IP13 -1.458359841210779
IP13 -0.12003980489680544
IP13 -2.5949222655152084
EA13 1.3636318056110746
EA13 -3.6870016066788196
EA13 -4.5827167493151535
EA13 -3.481712683753571
EA13 -4.825859320838937
EA13 -8.657638371351638
EA13 -7.380851321733211
EA13 -12.071827317177668
EA13 -4.7266405711288115
EA13 -5.072208350338041
EA13 -5.655835271265822
EA13 -6.766100544075016
EA13 -2.135974227609111
PA8 2.5538067013709167
PA8 1.6878459003812054
PA8 5.860376113886019
PA8 0.5132778354454786
PA8 -0.3544243539159595
PA8 2.202301694179198
PA8 2.7974766596802567
PA8 0.6629134044758018
DBH76 1.079468097782228
DBH76 -5.396647983826697
DBH76 -4.067538141525711
DBH76 0.9335403750566122
DBH76 -4.607211239022126
DBH76 0.0672441457895836
DBH76 -3.724764583625074
DBH76 -3.398141451854464
DBH76 -2.0112624359149205
DBH76 -2.0112624359149205
DBH76 -4.0434538024055655
DBH76 -4.104516446673369
DBH76 -2.1799868263326063
DBH76 -3.9816475231805812
DBH76 -3.5108872870288907
DBH76 -2.021913621864222
DBH76 -4.762922331779391
DBH76 0.10891239164804034
DBH76 -3.6614884958459886
DBH76 -3.574517171308253
DBH76 -0.845367854833603
DBH76 -2.610702848370419
DBH76 -1.4572007033930277
DBH76 -6.218627412742643
DBH76 -0.22251831324655313
DBH76 -5.349320716797376
DBH76 -5.482722784501966
DBH76 -7.19741215680493
DBH76 -3.024651305320731
DBH76 -3.6882874301794786
DBH76 -0.8408870960265631
DBH76 -2.6668737542757306
DBH76 -2.8568501329777067
DBH76 -1.3068138235452338
DBH76 -4.0673049717224785
DBH76 -3.5796191956840637
DBH76 -2.8569282073935014
DBH76 -2.8569282073935014
DBH76 -0.07701672927476366
DBH76 -13.957357148970473
DBH76 -4.424636747294862
DBH76 -4.424636747294862
DBH76 -1.68428817007225
DBH76 -1.68428817007225
DBH76 -0.940814776821643
DBH76 -3.9234899685393643
DBH76 -3.5005297970451648
DBH76 -5.390199552148985
DBH76 -3.1999671847629365
DBH76 -2.879736708095294
DBH76 1.8369833341456252
DBH76 1.8369833341456252
DBH76 0.11249693792080429
DBH76 0.11249693792080429
DBH76 2.633254798222333
DBH76 2.633254798222333
DBH76 0.6365837620431556
DBH76 0.6365837620431556
DBH76 1.4215950710559255
DBH76 2.4380057204113115
DBH76 -0.05115576140582556
DBH76 0.13496013950323515
DBH76 1.181280969348736
DBH76 3.5519563173691857
DBH76 -0.7106012209632908
DBH76 4.554246394528306
DBH76 -3.057528730685007
DBH76 1.6416251126944559
DBH76 -0.9517121417610905
DBH76 2.943429960847716
DBH76 1.1301773472380592
DBH76 2.4023370822906145
DBH76 -0.14235255916864809
DBH76 4.24409360987309
DBH76 -1.8936821748942023
DBH76 -0.27113411323109204
NCCE31 -1.101430715198512
NCCE31 -0.6585280423681255
NCCE31 -0.8470286916842449
NCCE31 -1.0906880299554906
NCCE31 -3.777968038365943
NCCE31 -2.8269409414555398
NCCE31 -0.19601305359043186
NCCE31 -0.21923660580301663
NCCE31 -1.3862537089758553
NCCE31 -2.0764438308682296
NCCE31 -1.080065069599077
NCCE31 -1.1828998658014465
NCCE31 0.3113801649259411
NCCE31 -1.1478450129763222
NCCE31 -1.229250679714605
NCCE31 -1.1195816397899763
NCCE31 -2.104363758652471
NCCE31 -1.4096090767742133
NCCE31 -0.8997130936151372
NCCE31 0.14479954617214388
NCCE31 0.08821850706357509
NCCE31 0.21503548677894285
NCCE31 0.1346681077312678
NCCE31 0.14028878152137622
NCCE31 -0.0947978637111373
NCCE31 -0.7826101883308729
NCCE31 -0.8992082611838124
NCCE31 -1.9064096005476312
NCCE31 -3.174384495303966
NCCE31 -2.426728093889542
NCCE31 -3.8529789999895727
ABDE4 3.450252906942623
ABDE4 -0.5828278712288011
ABDE4 0.29528984480653264
ABDE4 -3.9261487638484738
AE17 2.8178568248588363
AE17 10.634786730564883
AE17 12.706423601764982
AE17 27.252648262039656
AE17 34.53142864107758
AE17 36.11734916136629
AE17 35.574059898019186
AE17 42.971818683246966
AE17 44.60905435678433
AE17 45.087431235733675
AE17 43.21075363809359
AE17 49.63722540353774
AE17 54.221572657028446
AE17 58.08094661126961
AE17 62.41886018984951
AE17 67.05189925216837
AE17 69.24126544239698
pTC13 3.304147042776458
pTC13 5.688800814529532
pTC13 7.797765295644059
pTC13 4.078279454142319
pTC13 5.672216860210767
pTC13 6.981819803237443
pTC13 8.125773735968409
pTC13 9.75868125150447
pTC13 3.5952801550220386
pTC13 6.219722254079528
pTC13 8.473576177932557
pTC13 10.381720893641472
pTC13 12.478849559703377
F Err =  89.14034562748651
