MGAE109 -1.1011246848288323
MGAE109 -0.3355057671069517
MGAE109 -1.058923530371402
MGAE109 0.29509644455276884
MGAE109 3.0749556849044097
MGAE109 -2.5539477266371193
MGAE109 -4.819607793298786
MGAE109 -4.20516908070158
MGAE109 -2.982881580783868
MGAE109 -5.099676317233815
MGAE109 -3.789077537093249
MGAE109 5.239485234983732
MGAE109 3.3158591479982817
MGAE109 5.187900556202521
MGAE109 9.03844393528999
MGAE109 4.452216795133438
MGAE109 6.4651230393978665
MGAE109 3.1699173427221865
MGAE109 0.24348146468400955
MGAE109 -1.5710051065263997
MGAE109 2.2165605849609165
MGAE109 3.3048675036584427
MGAE109 -17.89698426233315
MGAE109 -8.177265097656061
MGAE109 -7.149513065620567
MGAE109 -6.093592328652164
MGAE109 -4.286884628747373
MGAE109 -2.068697258967404
MGAE109 -13.254056236987225
MGAE109 -9.537361821532272
MGAE109 -11.661625224354793
MGAE109 -9.194605958297032
MGAE109 -11.46389033249693
MGAE109 -12.191525731848088
MGAE109 -11.032095280312376
MGAE109 -5.252639045701358
MGAE109 -1.7185278518334997
MGAE109 1.3168704728595912
MGAE109 -1.7507208297029138
MGAE109 -7.3811812337685865
MGAE109 -4.726197218163861
MGAE109 -5.081998999889478
MGAE109 -5.961766904499385
MGAE109 -5.18036820543697
MGAE109 13.756270211495007
MGAE109 1.1332383275171765
MGAE109 4.301136352694584
MGAE109 -6.682925311741428
MGAE109 -17.946250476695127
MGAE109 1.5675111777521806
MGAE109 -12.204491344618134
MGAE109 2.088685904350143
MGAE109 -0.42493718828421834
MGAE109 -5.690237525785335
MGAE109 -10.104805415207466
MGAE109 0.46122327404509633
MGAE109 -1.6692677055381182
MGAE109 1.5455721825943556
MGAE109 -1.6317712548841428
MGAE109 1.5218631089041992
MGAE109 1.3414002715051083
MGAE109 -2.8217023367622005
MGAE109 -7.136949649061137
MGAE109 -9.006199014894662
MGAE109 -16.16366776511302
MGAE109 -8.43678536854685
MGAE109 -3.518506309321367
MGAE109 -5.481012085972452
MGAE109 -2.654496959536573
MGAE109 -19.070205903023066
MGAE109 -4.901391298123656
MGAE109 -4.805179228879297
MGAE109 -18.33174837922212
MGAE109 0.41661134438926695
MGAE109 -0.9967029742581985
MGAE109 -5.020814495807258
MGAE109 -8.718103410211597
MGAE109 -18.41618487615952
MGAE109 -5.320177461768026
MGAE109 2.2393016309069935
MGAE109 0.7743166794348326
MGAE109 -7.38378448436265
MGAE109 1.3996992208052461
MGAE109 3.671138995121055
MGAE109 0.2956083124311135
MGAE109 -10.206382185666598
MGAE109 -3.215070075978929
MGAE109 -0.4666268434078802
MGAE109 -0.8603959080471668
MGAE109 1.0741427012462736
MGAE109 -1.5758882722689123
MGAE109 2.294971125507118
MGAE109 1.0941466222523104
MGAE109 -8.06586134542124
MGAE109 -2.1917202070553685
MGAE109 4.575871395696936
MGAE109 2.704059390399493
MGAE109 3.55791036791868
MGAE109 1.5725691644574908
MGAE109 3.127767629668142
MGAE109 3.551517942855071
MGAE109 3.0168761084014477
MGAE109 2.6086272626864684
MGAE109 5.496739165824238
MGAE109 2.4867481126625535
MGAE109 -4.37527882740892
MGAE109 2.0255292329425174
MGAE109 1.3919635012832714
MGAE109 -3.2079696056212015
IP13 2.8029127302959296
IP13 -0.18475948932231745
IP13 1.7415044517698561
IP13 1.1734463015431515
IP13 0.14856665772384758
IP13 0.3096361684671365
IP13 0.6992316325759589
IP13 9.80804854317978
IP13 -3.108212459989602
IP13 -1.7329180631146244
IP13 -1.929518929868948
IP13 2.8795483035501093
IP13 -2.421773025050072
EA13 0.4233786579121066
EA13 0.7761593089124688
EA13 -0.07705132541363469
EA13 0.2713469426869466
EA13 3.71997950747609
EA13 -8.180304308870106
EA13 -7.064273009560132
EA13 -4.781791582278675
EA13 -1.1028187002392968
EA13 -0.4757585252111305
EA13 -0.6129976190917645
EA13 -1.4267850205651484
EA13 -1.6522573135280965
PA8 0.15899833206057679
PA8 -0.4740310324312418
PA8 1.9359644456693843
PA8 -0.34488925465848297
PA8 2.09153194778483
PA8 0.6648016904480869
PA8 -0.5074703170917871
PA8 -0.045659681601847524
DBH76 -1.7482417388702745
DBH76 -1.7451118591846901
DBH76 0.7267776960698935
DBH76 -1.836628384764719
DBH76 -1.724225143787498
DBH76 0.4990227521758577
DBH76 1.9423304932570318
DBH76 -2.84432348354094
DBH76 0.132078671873467
DBH76 0.132078671873467
DBH76 3.3663477359586977
DBH76 1.265114286918834
DBH76 -0.7665589233140053
DBH76 1.4598188523645517
DBH76 2.5932478254151645
DBH76 -1.4187151938807787
DBH76 -1.0469677374843922
DBH76 -5.092656618969578
DBH76 3.5300736825313646
DBH76 -1.9926671386077945
DBH76 0.7947805514908395
DBH76 -0.4815143483749118
DBH76 -1.5152069913747255
DBH76 1.7842859338005663
DBH76 1.2187619534406053
DBH76 0.024757586021440403
DBH76 3.70571196045028
DBH76 0.4093489149678504
DBH76 -0.623313190859335
DBH76 3.0822061161467005
DBH76 2.01612984573876
DBH76 4.946958195246406
DBH76 3.172706895669398
DBH76 1.2619773254133193
DBH76 1.3410536305309506
DBH76 -1.244366897227156
DBH76 4.988078875563225
DBH76 4.988078875563225
DBH76 1.6288218406162933
DBH76 7.09816853351775
DBH76 -0.1545604061172341
DBH76 -0.1545604061172341
DBH76 1.9022923797601834
DBH76 1.9022923797601834
DBH76 2.6584784664056507
DBH76 -1.7268985004261808
DBH76 -1.9847324417019263
DBH76 5.48771575305291
DBH76 -1.84730046896264
DBH76 3.6993671662383747
DBH76 0.34455502944532784
DBH76 0.34455502944532784
DBH76 2.151236336217261
DBH76 2.151236336217261
DBH76 -1.6711362782749348
DBH76 -1.6711362782749348
DBH76 -0.9213381069386379
DBH76 -0.9213381069386379
DBH76 -2.7073765598260806
DBH76 3.886496945415857
DBH76 -1.147965508569032
DBH76 4.498532617390154
DBH76 0.6214850178780034
DBH76 1.3302087585287516
DBH76 2.626432977928779
DBH76 1.0599001475900849
DBH76 0.10433877176605222
DBH76 2.2680864217260392
DBH76 0.19638908208988148
DBH76 1.4303540640906434
DBH76 0.8685288055142155
DBH76 0.2609363083174685
DBH76 -0.1827617458198798
DBH76 -1.3438902790355485
DBH76 0.7001014701815436
DBH76 2.8669931609617194
NCCE31 0.12289744619338316
NCCE31 0.5691794575320088
NCCE31 0.4979971554287479
NCCE31 0.23522973952989545
NCCE31 -0.4820865453488654
NCCE31 0.19498935981537358
NCCE31 -0.41328984411899006
NCCE31 -0.5680752752837726
NCCE31 0.2135042753629386
NCCE31 0.210213558268733
NCCE31 -0.18101745820138593
NCCE31 0.35000170975457845
NCCE31 -0.4419766380498178
NCCE31 -0.21378120345994822
NCCE31 -0.2427935465145854
NCCE31 -0.3208525516325609
NCCE31 -0.18081505207810533
NCCE31 0.10076569710159688
NCCE31 0.16610834273509667
NCCE31 0.04767336269374937
NCCE31 0.023427817444317045
NCCE31 0.03444867998943664
NCCE31 -0.01063073949888349
NCCE31 -0.04295168016571552
NCCE31 0.08004015119629915
NCCE31 -0.14375250724493527
NCCE31 -0.05006124769337483
NCCE31 0.4305882668687264
NCCE31 -0.584728810065426
NCCE31 0.820505094763357
NCCE31 0.1541294111800382
ABDE4 2.4529038239191863
ABDE4 0.02570826734881848
ABDE4 0.17829556344891273
ABDE4 -1.6430026820651307
AE17 1.9705351526938557
AE17 1.5760241254449738
AE17 -0.38626811128233385
AE17 6.397126412419311
AE17 5.9903924854570505
AE17 4.791322176020913
AE17 3.07475173263083
AE17 3.505840921890922
AE17 2.5572803293252946
AE17 1.9781167217442999
AE17 -2.907519989996217
AE17 -4.625345578897395
AE17 -3.9815302558999974
AE17 -2.352997499227058
AE17 0.9490253329859115
AE17 1.6258036278013606
AE17 -0.25677535927388817
pTC13 2.2923368988471338
pTC13 2.467605226510205
pTC13 2.5464341891172815
pTC13 1.4095756860601227
pTC13 3.7379553686303666
pTC13 5.031984295630821
pTC13 5.983710288956075
pTC13 7.367188176675711
pTC13 2.528214080090976
pTC13 4.325790116135607
pTC13 6.009229809397368
pTC13 7.3679821949370705
pTC13 8.962515753229383
F Err =  24.978325446721755
