MGAE109 -1.1454786160797852
MGAE109 1.3390375692724774
MGAE109 -2.1881914808554654
MGAE109 -1.588655509668456
MGAE109 -1.7612947118065563
MGAE109 -0.41812261071171974
MGAE109 -2.205700957430821
MGAE109 -2.498289118655066
MGAE109 -1.0206977471814014
MGAE109 -2.587808709704831
MGAE109 -2.770874602046092
MGAE109 2.0059056354523648
MGAE109 3.2595495637320084
MGAE109 0.22269914984121897
MGAE109 -2.8229148915153814
MGAE109 3.6069982377928795
MGAE109 1.0783189975959147
MGAE109 -1.416874205282653
MGAE109 -1.5277134898933582
MGAE109 -0.43487704809490424
MGAE109 -1.0900080492260713
MGAE109 -1.837480677390431
MGAE109 -5.580519830632852
MGAE109 -1.5761391976845402
MGAE109 -0.4774631512793803
MGAE109 -1.0812988896865932
MGAE109 -1.178875153493152
MGAE109 -0.8089222284679636
MGAE109 -2.1682651287014494
MGAE109 -1.7150976832577953
MGAE109 -1.7128027733560884
MGAE109 0.9928533761284797
MGAE109 -2.206647376545561
MGAE109 -6.030833505371703
MGAE109 0.08459268704228862
MGAE109 0.10992365924641945
MGAE109 3.1606519546732272
MGAE109 0.33038861135719344
MGAE109 -0.48472514178138226
MGAE109 -2.208856876738139
MGAE109 -2.0808517850143744
MGAE109 -1.659003907542214
MGAE109 -1.742438408709134
MGAE109 -2.155615849324967
MGAE109 -4.225814614722026
MGAE109 -1.117696178492622
MGAE109 -0.24668663589750395
MGAE109 -1.5104747760435657
MGAE109 -9.76963782700011
MGAE109 -0.5413002585852382
MGAE109 -8.165086370939378
MGAE109 2.084773121005867
MGAE109 2.555696106187554
MGAE109 3.3566502310056308
MGAE109 3.1391451819777103
MGAE109 0.9411783098744309
MGAE109 3.637507474939298
MGAE109 2.169663556409091
MGAE109 3.5847125206712462
MGAE109 -0.7249876240280173
MGAE109 1.2589331074466372
MGAE109 3.3320857530191006
MGAE109 1.1877345611114265
MGAE109 -1.162883579554034
MGAE109 1.7120424477453753
MGAE109 2.445276577193283
MGAE109 -0.29584764798170227
MGAE109 -0.035754056206769746
MGAE109 -1.4987629399206526
MGAE109 -2.842193779994318
MGAE109 -0.46000586050564607
MGAE109 1.6407595324958493
MGAE109 -8.467596272008961
MGAE109 -1.0825533071201647
MGAE109 -0.43896184750684597
MGAE109 2.2367455642612413
MGAE109 0.30468760093094716
MGAE109 -1.028074765070329
MGAE109 -2.422972803460425
MGAE109 0.6174046066880692
MGAE109 -0.8858701915200982
MGAE109 -4.6363773253513045
MGAE109 -1.0796627704327193
MGAE109 4.633029133704895
MGAE109 -0.9667156674975104
MGAE109 0.14560872260130964
MGAE109 -0.5732118852151871
MGAE109 2.913607737224652
MGAE109 -0.8329453508893039
MGAE109 1.1661452096077483
MGAE109 -0.584477748586778
MGAE109 2.0122571565891576
MGAE109 2.443582277870746
MGAE109 0.4415181856242043
MGAE109 0.20498715049234306
MGAE109 2.3449203687126783
MGAE109 -0.7854677140375088
MGAE109 -1.5586001254711164
MGAE109 1.3692073221855026
MGAE109 -1.9873077488214221
MGAE109 -1.6278177598649108
MGAE109 -0.14423795967468322
MGAE109 -0.8878686700325034
MGAE109 6.5943215734837395
MGAE109 2.82148866376383
MGAE109 -0.20572598720377755
MGAE109 -0.6171382317511416
MGAE109 -1.3503199327999482
MGAE109 2.733142464737739
IP13 1.3835623315333123
IP13 2.003940227059644
IP13 1.2374419697595158
IP13 0.5616783523559548
IP13 0.7451949364505595
IP13 2.924325789377349
IP13 2.415203423826881
IP13 9.282466056139697
IP13 -4.5486322944460085
IP13 -1.164504858280992
IP13 -0.7159287307702584
IP13 3.488620060379617
IP13 -4.389706738042889
EA13 -0.7917150131192479
EA13 0.8443183117522892
EA13 -0.660927857072096
EA13 -0.25367053593275557
EA13 2.3740200368687496
EA13 -6.003289804943776
EA13 -3.8291799500834927
EA13 -4.061479428125313
EA13 2.0811816907790472
EA13 -0.37800558009184826
EA13 -1.7278183072980013
EA13 -0.12075575260678306
EA13 -4.254634077557128
PA8 -1.962829885006073
PA8 -1.0716933512420042
PA8 0.9146420461460423
PA8 1.287272870336892
PA8 -1.67964760641334
PA8 -1.2994218994746802
PA8 -1.2592259950702953
PA8 3.4444814528418135
DBH76 -1.150493455573451
DBH76 -0.8753332728659737
DBH76 0.40904553942013955
DBH76 -0.1055121159869934
DBH76 -0.07411924151970162
DBH76 0.6957948634621509
DBH76 -0.8890577515412588
DBH76 -2.173529511930248
DBH76 2.2799725710678107
DBH76 2.2799725710678107
DBH76 -0.022076890425523743
DBH76 -0.666599691731971
DBH76 -1.4815434717340394
DBH76 -0.4364691840042356
DBH76 -0.2609663004070173
DBH76 -1.0602593559728106
DBH76 0.11514899526703637
DBH76 -1.4131722996554785
DBH76 -1.094539721793554
DBH76 -1.7025982668332293
DBH76 0.7740528794878627
DBH76 2.5401788125862375
DBH76 -0.6549003371765139
DBH76 -0.8167558971227837
DBH76 1.2157846296943262
DBH76 1.4875101345626156
DBH76 -1.6548656991729516
DBH76 -1.2178499564900989
DBH76 -1.619335355120711
DBH76 -1.3443962105360683
DBH76 0.2856193370607798
DBH76 0.07537977682222774
DBH76 -0.2232766442961296
DBH76 -0.3780468985554748
DBH76 -1.7190435855227406
DBH76 -2.258992544605281
DBH76 0.8646792604791713
DBH76 0.8646792604791713
DBH76 0.6277680122631146
DBH76 0.31895784511696945
DBH76 -2.6617966670962048
DBH76 -2.6617966670962048
DBH76 0.8309278883389197
DBH76 0.8309278883389197
DBH76 0.9984063255297961
DBH76 -2.8164812528589422
DBH76 0.25181556381401604
DBH76 2.5817744671469
DBH76 -1.8811534149758522
DBH76 1.088475410684481
DBH76 0.42224715814867525
DBH76 0.42224715814867525
DBH76 2.205480456647928
DBH76 2.205480456647928
DBH76 -0.6706795988371597
DBH76 -0.6706795988371597
DBH76 0.18501633548643426
DBH76 0.18501633548643426
DBH76 -1.891889417930507
DBH76 3.9780881475168286
DBH76 -0.22834253852255637
DBH76 4.571104215849189
DBH76 -0.048001563557190874
DBH76 0.23111183719069217
DBH76 1.8918643181014332
DBH76 3.712008068757129
DBH76 0.04275451888737791
DBH76 0.7350386111217091
DBH76 0.750887752523413
DBH76 0.3260220839077377
DBH76 1.7105156066257041
DBH76 1.927262709614297
DBH76 -0.4444861716925512
DBH76 1.3184602782287413
DBH76 -1.9003710835025416
DBH76 0.5088066323439122
NCCE31 0.05457550903665842
NCCE31 0.49300513654423384
NCCE31 0.4500774820055815
NCCE31 0.2586234738299389
NCCE31 -0.8043641626404128
NCCE31 0.24591537549859055
NCCE31 0.018956418496090865
NCCE31 -0.2658958561974578
NCCE31 0.2597188127669505
NCCE31 -0.25992637088289516
NCCE31 -0.11205560585483898
NCCE31 0.3055900466139425
NCCE31 -0.5123705255729138
NCCE31 -0.3239182028011418
NCCE31 -0.27789437828119823
NCCE31 -0.2384553271345795
NCCE31 -0.17174918956588936
NCCE31 -0.014472495040390498
NCCE31 0.5616070776339619
NCCE31 0.12240087363985366
NCCE31 0.0826955119241029
NCCE31 0.18652237091911955
NCCE31 0.14584034664323553
NCCE31 0.17713036965986248
NCCE31 0.4502365367673338
NCCE31 -0.06876384923612933
NCCE31 -0.014445311786257742
NCCE31 0.13960237004910603
NCCE31 -0.46698439429979777
NCCE31 0.04627347457222619
NCCE31 0.05812926057726164
ABDE4 1.150046034024271
ABDE4 -0.3191328801913187
ABDE4 1.966254083040397
ABDE4 0.3191754356177938
AE17 1.0100973323478115
AE17 -0.5150633436362568
AE17 -1.9147864286669574
AE17 0.9246839801144233
AE17 1.926279392091601
AE17 0.7653044014878105
AE17 -0.16851757503900444
AE17 -1.6882115898552001
AE17 -3.432322728651343
AE17 -1.4076230382197537
AE17 -0.8921522815653589
AE17 -5.5783958098327275
AE17 -1.9465945615665987
AE17 1.8167395760538056
AE17 6.398915466386825
AE17 3.518697580730077
AE17 2.0194157780497335
pTC13 1.32072620842373
pTC13 1.657152129494353
pTC13 1.8742363729514189
pTC13 -0.4945175879934709
pTC13 -0.3097595977916967
pTC13 0.27778779993997205
pTC13 0.8824992450373372
pTC13 2.042921910976304
pTC13 -0.7757339913523253
pTC13 0.5565850849321521
pTC13 1.852698239150925
pTC13 2.971845385389173
pTC13 4.380966985337437
F Err =  18.984018718574365
