MGAE109 -1.3783091078334877
MGAE109 2.9404235577567306
MGAE109 -5.2913632055833375
MGAE109 0.5443356830011226
MGAE109 -2.5741652655194116
MGAE109 1.909303881488455
MGAE109 0.18953182438067984
MGAE109 -3.171459694985515
MGAE109 -1.7984114003472484
MGAE109 -6.323199966067904
MGAE109 -5.072355267587113
MGAE109 -4.93265484226751
MGAE109 0.8451087352982825
MGAE109 -4.381912026312193
MGAE109 -9.561832045135077
MGAE109 -0.12392539491992238
MGAE109 -4.836959922347461
MGAE109 -4.005557245571396
MGAE109 -2.678611741459463
MGAE109 -1.0952746577761445
MGAE109 0.19092431815306554
MGAE109 -0.7898321497891629
MGAE109 -2.8369658924196983
MGAE109 -2.3655503900005783
MGAE109 -4.4916183525294855
MGAE109 1.0612303790188093
MGAE109 -2.132413095519894
MGAE109 -3.6679458290955154
MGAE109 -3.6410406991676325
MGAE109 -0.7907226268522436
MGAE109 0.19513959510368295
MGAE109 3.3324605788820207
MGAE109 -6.1780149857524975
MGAE109 -4.821391419814319
MGAE109 1.7267995998006995
MGAE109 -2.670643703367091
MGAE109 -6.026157803691461
MGAE109 2.275211081840098
MGAE109 -0.9660319782560691
MGAE109 -9.96554711801815
MGAE109 -3.734199441843657
MGAE109 0.09106447248952065
MGAE109 0.9750067140092114
MGAE109 -3.127108068575616
MGAE109 -12.921826494843685
MGAE109 -1.118708472580181
MGAE109 -1.3138115121494138
MGAE109 -4.235438983489303
MGAE109 -8.938787600893988
MGAE109 -7.038500432260321
MGAE109 -18.269661740621075
MGAE109 3.5771630544448385
MGAE109 -4.348028094079325
MGAE109 9.974724027393393
MGAE109 6.374137635806164
MGAE109 2.972687578175737
MGAE109 11.728893486275297
MGAE109 12.541454957705014
MGAE109 15.112082387866622
MGAE109 5.55156571055295
MGAE109 5.823290961945304
MGAE109 18.183479949845832
MGAE109 1.355266220916235
MGAE109 1.792176276156681
MGAE109 3.618717252376996
MGAE109 0.422669683925335
MGAE109 0.695649939518205
MGAE109 2.0437528797669984
MGAE109 -0.939336544166963
MGAE109 4.339669056389198
MGAE109 1.7588505430985037
MGAE109 0.030578242974570458
MGAE109 -0.7016451052646175
MGAE109 -5.070265405113091
MGAE109 3.7163703096704808
MGAE109 1.0262992372678355
MGAE109 -0.8941824642545271
MGAE109 3.6013246129569723
MGAE109 -12.0818547287397
MGAE109 -0.27461321151349694
MGAE109 -7.038399775531161
MGAE109 -21.842213721782855
MGAE109 3.430344537861288
MGAE109 10.393441524936406
MGAE109 7.726911335355226
MGAE109 1.7964638905448282
MGAE109 1.0770364526420053
MGAE109 3.2184673582529513
MGAE109 2.3052153494966205
MGAE109 -1.336394072794974
MGAE109 -1.8022238544467655
MGAE109 6.2099746801698075
MGAE109 5.803610290759252
MGAE109 0.9549775042618194
MGAE109 3.500654530281281
MGAE109 5.756838911482532
MGAE109 2.5645804255810845
MGAE109 0.835109190199887
MGAE109 0.5117791947950536
MGAE109 1.2277146217033987
MGAE109 2.1658131397346096
MGAE109 7.130872185293811
MGAE109 3.85649535055677
MGAE109 14.939726730440725
MGAE109 17.9275560140145
MGAE109 4.4855096281442
MGAE109 5.874614843942709
MGAE109 6.67379700991728
MGAE109 5.676462296930822
IP13 5.839911784076094
IP13 1.441537173694229
IP13 0.38907660012830547
IP13 -0.6010143851768248
IP13 -4.3134035153314585
IP13 1.712627948663453
IP13 5.968968800820278
IP13 7.752283742296299
IP13 0.08586097859659958
IP13 3.1005606486927775
IP13 4.5145179502607675
IP13 4.958636455994565
IP13 1.5016900848306136
EA13 3.180751506550731
EA13 -0.4224897999630741
EA13 -2.6095513019571115
EA13 -2.0419406807725267
EA13 3.4560403421986834
EA13 -6.960958551197834
EA13 -3.289911857059927
EA13 -5.571888347240748
EA13 0.8432799106358999
EA13 -1.300516579434042
EA13 -3.2127694198628873
EA13 -2.6188756447518244
EA13 0.8027062963391671
PA8 1.0886457971806465
PA8 0.3526568388071496
PA8 4.140043163437809
PA8 0.10489187875646167
PA8 -0.29697985236416
PA8 1.3898205322737454
PA8 1.6928480985574481
PA8 0.40618723705662774
DBH76 -2.9070447671576405
DBH76 -5.4686984308203686
DBH76 -4.528658477087811
DBH76 -4.013181637697198
DBH76 -5.051236162016357
DBH76 -3.239471705421966
DBH76 -4.432801000530162
DBH76 -5.729088617733943
DBH76 -3.848954746495883
DBH76 -3.848954746495883
DBH76 -4.848207793882466
DBH76 -5.382004840236913
DBH76 -3.8756397761819246
DBH76 -4.62552898325026
DBH76 -4.064884015434655
DBH76 -4.359495893504935
DBH76 -5.807207373127239
DBH76 -5.649297235603079
DBH76 -5.559951485784696
DBH76 -3.9998619376150604
DBH76 -2.5811962552485057
DBH76 -2.618427132914075
DBH76 -3.509451115227421
DBH76 -6.881305119987809
DBH76 -2.3109965068779275
DBH76 -4.3303178779513125
DBH76 -6.825835835472681
DBH76 -6.015635494389571
DBH76 -2.963714172357868
DBH76 -5.702443063781537
DBH76 -0.6043526244829991
DBH76 -4.344757255032892
DBH76 -3.049578189637396
DBH76 -2.810393021353228
DBH76 -4.48971564297608
DBH76 -5.152206213825412
DBH76 -2.5727996040426646
DBH76 -2.5727996040426646
DBH76 -2.689174084337427
DBH76 -13.102715152049782
DBH76 -7.468701135570591
DBH76 -7.468701135570591
DBH76 -3.8867143078823574
DBH76 -3.8867143078823574
DBH76 -4.41493181883823
DBH76 -7.097220107606994
DBH76 -6.5588870586612025
DBH76 -7.739850906441276
DBH76 -5.879930297862739
DBH76 -5.372889208167322
DBH76 -2.3580288407794434
DBH76 -2.3580288407794434
DBH76 -1.940094212676632
DBH76 -1.940094212676632
DBH76 -2.214821913128253
DBH76 -2.214821913128253
DBH76 -2.36184732216876
DBH76 -2.36184732216876
DBH76 -2.891267575128005
DBH76 -1.0263047344045475
DBH76 -2.0259854994923807
DBH76 -1.5913915396248939
DBH76 -2.724149448319222
DBH76 -1.3509203748364236
DBH76 -2.4667582403426067
DBH76 1.3738152806297848
DBH76 -5.465513680740841
DBH76 1.1868104949541163
DBH76 -2.838820928709465
DBH76 2.8939522658404897
DBH76 -0.9274108524611802
DBH76 2.5139820493059233
DBH76 -2.7161322744301284
DBH76 1.3972759909386525
DBH76 -1.3194421010778754
DBH76 0.20450753730226978
NCCE31 0.041293699434027165
NCCE31 0.3541151427413567
NCCE31 0.4112025117804299
NCCE31 0.5107188126456457
NCCE31 -0.6651174252014602
NCCE31 0.4659366446954678
NCCE31 0.45663148598163383
NCCE31 0.8547166657785419
NCCE31 0.8736203288403339
NCCE31 0.10445227152435077
NCCE31 1.1187026680028067
NCCE31 0.8069668731046837
NCCE31 3.1846128541463994
NCCE31 -0.11638458442408584
NCCE31 -0.16632719476707258
NCCE31 0.3219265594147145
NCCE31 -0.48684903928078693
NCCE31 -0.1823364445334299
NCCE31 0.8182715111505239
NCCE31 0.037883150574052706
NCCE31 0.0026284456229768716
NCCE31 0.08017666683183051
NCCE31 0.03719165781978517
NCCE31 -0.003560719297383913
NCCE31 -0.17272732293233273
NCCE31 -0.5405160101415822
NCCE31 -0.35225037249969327
NCCE31 -0.9921232631622114
NCCE31 -2.623521944277454
NCCE31 -1.5851733425608838
NCCE31 -2.856038552680984
ABDE4 -2.0967422715408617
ABDE4 -5.815990226023132
ABDE4 -4.479269126844017
ABDE4 -8.194068034024681
AE17 -0.8228840487908542
AE17 5.411760422126235
AE17 6.832877146408464
AE17 19.355779173884002
AE17 21.422922930496497
AE17 23.618124950575293
AE17 26.823995777464006
AE17 27.99592506691988
AE17 32.80594344424753
AE17 41.608493876396096
AE17 43.977697980895755
AE17 51.71475518058287
AE17 56.41932627372444
AE17 62.72393400967121
AE17 70.9621801544854
AE17 77.60942382286885
AE17 85.47184425452724
pTC13 3.357117084733909
pTC13 5.755130532063777
pTC13 7.849300732032862
pTC13 2.5856221700136643
pTC13 4.712580416581488
pTC13 6.0145440819545115
pTC13 7.135950676760416
pTC13 8.752371846826293
pTC13 2.240469752693599
pTC13 4.629108486749459
pTC13 6.821008122266505
pTC13 8.691749784138523
pTC13 10.76167348196148
F Err =  83.48871380721643
